2024-01-27 22:36:37,333 [INFO] Activator:176 - 


2024-01-27 22:36:37,338 [INFO] Activator:177 - !SESSION log4j initialized
2024-01-27 22:36:40,861 [ERROR] LogOutputStream:75 - [STDERR_REDIRECT] 
2024-01-27 22:36:41,625 [INFO] LogOutputStream:77 - [STDOUT_REDIRECT] 
2024-01-27 22:36:43,261 [INFO] LogOutputStream:77 - [STDOUT_REDIRECT] 
2024-01-27 22:36:44,020 [INFO] ApplicationProperties:184 - Using Application install path: /Applications/STM32CubeIDE.app/Contents/Eclipse/plugins/com.st.stm32cube.common.mx_6.9.2.202309101412
2024-01-27 22:36:44,037 [INFO] DbMcusXml:78 - Set database path to: /Applications/STM32CubeIDE.app/Contents/Eclipse/plugins/com.st.stm32cube.common.mx_6.9.2.202309101412//db//mcu/
2024-01-27 22:36:44,037 [INFO] ApiDb:274 - Set plugin database path to: /Applications/STM32CubeIDE.app/Contents/Eclipse/plugins/com.st.stm32cube.common.mx_6.9.2.202309101412//db//plugins/boardmanager/
2024-01-27 22:36:44,037 [WARN] ApiDb:259 - Overriding images path with different value:  => /Applications/STM32CubeIDE.app/Contents/Eclipse/plugins/com.st.stm32cube.common.mx_6.9.2.202309101412//db//plugins/mcufinder/images/
2024-01-27 22:36:44,050 [INFO] ApiDb:250 - Set database path to: /Users/haotian/.stmcufinder/plugins/mcufinder//mcu/
2024-01-27 22:36:44,052 [INFO] DbMcusAds:125 - Set database path to: /Users/haotian/.stmcufinder/plugins/mcufinder//mcu/
2024-01-27 22:36:44,054 [INFO] CrossReferenceDbSqlite:203 - Set database path to: /Users/haotian/.stmcufinder/plugins/mcufinder//mcu/cs/
2024-01-27 22:36:44,161 [INFO] RulesReader:64 - Compatibility file has been processed (293 Rules)
2024-01-27 22:36:44,231 [INFO] DbMcusXml:78 - Set database path to: /Applications/STM32CubeIDE.app/Contents/Eclipse/plugins/com.st.stm32cube.common.mx_6.9.2.202309101412//db//mcu/
2024-01-27 22:36:44,231 [INFO] ApiDb:274 - Set plugin database path to: /Applications/STM32CubeIDE.app/Contents/Eclipse/plugins/com.st.stm32cube.common.mx_6.9.2.202309101412//db//plugins/boardmanager/
2024-01-27 22:36:44,231 [INFO] ApiDb:261 - Set plugin images path to: /Applications/STM32CubeIDE.app/Contents/Eclipse/plugins/com.st.stm32cube.common.mx_6.9.2.202309101412//db//plugins/mcufinder/images/
2024-01-27 22:36:44,231 [WARN] DbFile:41 - Overriding database path with different value: /Users/haotian/.stmcufinder/plugins/mcufinder/ => /Users/haotian/.stmcufinder/plugins/mcufinder
2024-01-27 22:36:44,231 [INFO] ApiDb:250 - Set database path to: /Users/haotian/.stmcufinder/plugins/mcufinder//mcu/
2024-01-27 22:36:44,231 [WARN] DbFile:41 - Overriding database path with different value: /Users/haotian/.stmcufinder/plugins/mcufinder/ => /Users/haotian/.stmcufinder/plugins/mcufinder
2024-01-27 22:36:44,231 [INFO] DbMcusAds:125 - Set database path to: /Users/haotian/.stmcufinder/plugins/mcufinder//mcu/
2024-01-27 22:36:44,231 [WARN] DbFile:41 - Overriding database path with different value: /Users/haotian/.stmcufinder/plugins/mcufinder/ => /Users/haotian/.stmcufinder/plugins/mcufinder
2024-01-27 22:36:44,232 [WARN] DbFile:41 - Overriding database path with different value: /Users/haotian/.stmcufinder/plugins/mcufinder/ => /Users/haotian/.stmcufinder/plugins/mcufinder
2024-01-27 22:36:44,232 [INFO] CrossReferenceDbSqlite:203 - Set database path to: /Users/haotian/.stmcufinder/plugins/mcufinder//mcu/cs/
2024-01-27 22:36:44,308 [INFO] MainPanel:262 - HeapMemory: 268435456
2024-01-27 22:36:44,399 [INFO] DbMcusXml:78 - Set database path to: /Applications/STM32CubeIDE.app/Contents/Eclipse/plugins/com.st.stm32cube.common.mx_6.9.2.202309101412//db//mcu/
2024-01-27 22:36:44,399 [INFO] ApiDb:274 - Set plugin database path to: /Applications/STM32CubeIDE.app/Contents/Eclipse/plugins/com.st.stm32cube.common.mx_6.9.2.202309101412//db//plugins/boardmanager/
2024-01-27 22:36:44,399 [INFO] ApiDb:261 - Set plugin images path to: /Applications/STM32CubeIDE.app/Contents/Eclipse/plugins/com.st.stm32cube.common.mx_6.9.2.202309101412//db//plugins/mcufinder/images/
2024-01-27 22:36:44,400 [WARN] DbFile:41 - Overriding database path with different value: /Users/haotian/.stmcufinder/plugins/mcufinder/ => /Users/haotian/.stmcufinder/plugins/mcufinder
2024-01-27 22:36:44,400 [INFO] ApiDb:250 - Set database path to: /Users/haotian/.stmcufinder/plugins/mcufinder//mcu/
2024-01-27 22:36:44,400 [WARN] DbFile:41 - Overriding database path with different value: /Users/haotian/.stmcufinder/plugins/mcufinder/ => /Users/haotian/.stmcufinder/plugins/mcufinder
2024-01-27 22:36:44,400 [INFO] DbMcusAds:125 - Set database path to: /Users/haotian/.stmcufinder/plugins/mcufinder//mcu/
2024-01-27 22:36:44,401 [WARN] DbFile:41 - Overriding database path with different value: /Users/haotian/.stmcufinder/plugins/mcufinder/ => /Users/haotian/.stmcufinder/plugins/mcufinder
2024-01-27 22:36:44,401 [WARN] DbFile:41 - Overriding database path with different value: /Users/haotian/.stmcufinder/plugins/mcufinder/ => /Users/haotian/.stmcufinder/plugins/mcufinder
2024-01-27 22:36:44,401 [INFO] CrossReferenceDbSqlite:203 - Set database path to: /Users/haotian/.stmcufinder/plugins/mcufinder//mcu/cs/
2024-01-27 22:36:44,418 [INFO] ApplicationProperties:184 - Using Application install path: /Applications/STM32CubeIDE.app/Contents/Eclipse/plugins/com.st.stm32cube.common.mx_6.9.2.202309101412
2024-01-27 22:36:44,419 [INFO] PluginManage:196 - Search for loadable plugins [exclusion list=, ]
2024-01-27 22:36:44,421 [INFO] PluginManage:310 - Check plugin analytics
2024-01-27 22:36:44,589 [INFO] AnalyticsPlugin:253 - Accepted Software Licenses: 
2024-01-27 22:36:44,589 [INFO] AnalyticsPlugin:255 - Accepted CMSIS Pack Licenses: 
2024-01-27 22:36:44,590 [INFO] AnalyticsPlugin:257 - Accepted Firmware Licenses: 
2024-01-27 22:36:44,592 [INFO] PluginManage:359 - Loaded plugin analytics (category:tool,tabindex:-1)
2024-01-27 22:36:44,592 [INFO] PluginManage:310 - Check plugin cadmodel
2024-01-27 22:36:45,069 [INFO] CADModel:105 - Init CAD model plugin
2024-01-27 22:36:45,069 [INFO] PluginManage:359 - Loaded plugin cadmodel (category:power,tabindex:5)
2024-01-27 22:36:45,069 [INFO] PluginManage:310 - Check plugin clock
2024-01-27 22:36:45,081 [INFO] PluginManage:359 - Loaded plugin clock (category:base,tabindex:2)
2024-01-27 22:36:45,081 [INFO] PluginManage:310 - Check plugin ddr
2024-01-27 22:36:45,084 [INFO] PluginManage:359 - Loaded plugin ddr (category:tool,tabindex:6)
2024-01-27 22:36:45,084 [INFO] PluginManage:310 - Check plugin filemanager
2024-01-27 22:36:45,229 [INFO] PluginManage:359 - Loaded plugin filemanager (category:base,tabindex:10)
2024-01-27 22:36:45,230 [INFO] PluginManage:310 - Check plugin ipmanager
2024-01-27 22:36:45,237 [INFO] PluginManage:359 - Loaded plugin ipmanager (category:base,tabindex:5)
2024-01-27 22:36:45,237 [INFO] PluginManage:310 - Check plugin lpbam
2024-01-27 22:36:45,246 [INFO] PluginManage:359 - Loaded plugin lpbam (category:base,tabindex:0)
2024-01-27 22:36:45,247 [INFO] PluginManage:310 - Check plugin memorymap
2024-01-27 22:36:45,259 [INFO] PluginManage:359 - Loaded plugin memorymap (category:base,tabindex:4)
2024-01-27 22:36:45,260 [INFO] PluginManage:310 - Check plugin pinoutandconfiguration
2024-01-27 22:36:45,266 [INFO] PluginManage:359 - Loaded plugin pinoutandconfiguration (category:base,tabindex:1)
2024-01-27 22:36:45,266 [INFO] PluginManage:310 - Check plugin pinoutconfig
2024-01-27 22:36:45,348 [WARN] SupportedApi:132 - Cannot load RTOS API schema: s4s-elt-must-match.1: The content of 'definitions' must match (annotation?, (simpleType | complexType)?, (unique | key | keyref)*)). A problem was found starting at: attribute.
2024-01-27 22:36:45,475 [INFO] PluginManage:359 - Loaded plugin pinoutconfig (category:base,tabindex:0)
2024-01-27 22:36:45,475 [INFO] PluginManage:310 - Check plugin power
2024-01-27 22:36:45,486 [INFO] PluginManage:359 - Loaded plugin power (category:power,tabindex:4)
2024-01-27 22:36:45,486 [INFO] PluginManage:310 - Check plugin projectmanager
2024-01-27 22:36:45,497 [INFO] PluginManage:359 - Loaded plugin projectmanager (category:projectmanager,tabindex:3)
2024-01-27 22:36:45,497 [INFO] PluginManage:310 - Check plugin thirdparty
2024-01-27 22:36:45,629 [INFO] PluginManage:359 - Loaded plugin thirdparty (category:base,tabindex:-1)
2024-01-27 22:36:45,629 [WARN] IntegrityCheckThread:84 - waiting for thirdparty lock release [integrity check]
2024-01-27 22:36:45,629 [INFO] PluginManage:310 - Check plugin tools
2024-01-27 22:36:45,629 [INFO] IntegrityCheckThread:86 - entering critical section [integrity check]
2024-01-27 22:36:45,630 [INFO] ThirdPartyUpdaterWithRetryManager:70 - Updater plugin not ready yet. [1/15]
2024-01-27 22:36:45,632 [INFO] PluginManage:359 - Loaded plugin tools (category:base,tabindex:7)
2024-01-27 22:36:45,632 [INFO] PluginManage:310 - Check plugin tutovideos
2024-01-27 22:36:45,822 [INFO] PluginManage:359 - Loaded plugin tutovideos (category:base,tabindex:-1)
2024-01-27 22:36:45,822 [INFO] PluginManage:310 - Check plugin updater
2024-01-27 22:36:45,833 [INFO] PluginManage:359 - Loaded plugin updater (category:base,tabindex:12)
2024-01-27 22:36:45,833 [INFO] PluginManage:310 - Check plugin userauth
2024-01-27 22:36:45,839 [INFO] UserAuth:113 - Init User Auth plugin
2024-01-27 22:36:45,839 [INFO] PluginManage:359 - Loaded plugin userauth (category:base,tabindex:14)
2024-01-27 22:36:45,839 [INFO] PluginManage:283 - PluginManage : Loaded plugins [17]
2024-01-27 22:36:46,023 [INFO] PinOutPanel:1499 - setPackage(No Configuration,No Configuration)
2024-01-27 22:36:46,120 [INFO] CADModel:165 - CPN selected for project level
2024-01-27 22:36:46,120 [INFO] CADModel:114 - Register for checkConnection events
2024-01-27 22:36:46,134 [INFO] IPUIPlugin:80 - create IPUIPlugin
2024-01-27 22:36:46,134 [INFO] PluginManager:220 - loadIPPluginJar : add mdma
2024-01-27 22:36:46,142 [INFO] IPUIPlugin:80 - create IPUIPlugin
2024-01-27 22:36:46,142 [INFO] PluginManager:220 - loadIPPluginJar : add freertos
2024-01-27 22:36:46,147 [INFO] IPUIPlugin:80 - create IPUIPlugin
2024-01-27 22:36:46,148 [INFO] PluginManager:220 - loadIPPluginJar : add gic
2024-01-27 22:36:46,156 [INFO] IPUIPlugin:80 - create IPUIPlugin
2024-01-27 22:36:46,157 [INFO] PluginManager:220 - loadIPPluginJar : add adc
2024-01-27 22:36:46,159 [INFO] IPUIPlugin:80 - create IPUIPlugin
2024-01-27 22:36:46,159 [INFO] PluginManager:220 - loadIPPluginJar : add gtzc
2024-01-27 22:36:46,161 [INFO] IPUIPlugin:80 - create IPUIPlugin
2024-01-27 22:36:46,161 [INFO] PluginManager:220 - loadIPPluginJar : add quadspi
2024-01-27 22:36:46,163 [INFO] IPUIPlugin:80 - create IPUIPlugin
2024-01-27 22:36:46,163 [INFO] PluginManager:220 - loadIPPluginJar : add aes
2024-01-27 22:36:46,166 [INFO] IPUIPlugin:80 - create IPUIPlugin
2024-01-27 22:36:46,166 [INFO] PluginManager:220 - loadIPPluginJar : add pdm2pcm
2024-01-27 22:36:46,168 [INFO] IPUIPlugin:80 - create IPUIPlugin
2024-01-27 22:36:46,168 [INFO] PluginManager:220 - loadIPPluginJar : add hash
2024-01-27 22:36:46,170 [INFO] IPUIPlugin:80 - create IPUIPlugin
2024-01-27 22:36:46,170 [INFO] PluginManager:220 - loadIPPluginJar : add tim
2024-01-27 22:36:46,171 [INFO] IPUIPlugin:80 - create IPUIPlugin
2024-01-27 22:36:46,172 [INFO] PluginManager:220 - loadIPPluginJar : add tsc
2024-01-27 22:36:46,174 [INFO] IPUIPlugin:80 - create IPUIPlugin
2024-01-27 22:36:46,174 [INFO] PluginManager:220 - loadIPPluginJar : add ts
2024-01-27 22:36:46,177 [INFO] IPUIPlugin:80 - create IPUIPlugin
2024-01-27 22:36:46,177 [INFO] PluginManager:220 - loadIPPluginJar : add can
2024-01-27 22:36:46,179 [INFO] IPUIPlugin:80 - create IPUIPlugin
2024-01-27 22:36:46,179 [INFO] PluginManager:220 - loadIPPluginJar : add dma3
2024-01-27 22:36:46,181 [INFO] IPUIPlugin:80 - create IPUIPlugin
2024-01-27 22:36:46,181 [INFO] PluginManager:220 - loadIPPluginJar : add dfsdm
2024-01-27 22:36:46,183 [INFO] IPUIPlugin:80 - create IPUIPlugin
2024-01-27 22:36:46,183 [INFO] PluginManager:220 - loadIPPluginJar : add spi
2024-01-27 22:36:46,184 [INFO] IPUIPlugin:80 - create IPUIPlugin
2024-01-27 22:36:46,184 [INFO] PluginManager:220 - loadIPPluginJar : add gfxmmu
2024-01-27 22:36:46,185 [INFO] IPUIPlugin:80 - create IPUIPlugin
2024-01-27 22:36:46,186 [INFO] PluginManager:220 - loadIPPluginJar : add genericplugin
2024-01-27 22:36:46,187 [INFO] IPUIPlugin:80 - create IPUIPlugin
2024-01-27 22:36:46,187 [INFO] PluginManager:220 - loadIPPluginJar : add cryp
2024-01-27 22:36:46,191 [INFO] IPUIPlugin:80 - create IPUIPlugin
2024-01-27 22:36:46,191 [INFO] PluginManager:220 - loadIPPluginJar : add gpio
2024-01-27 22:36:46,193 [INFO] IPUIPlugin:80 - create IPUIPlugin
2024-01-27 22:36:46,193 [INFO] PluginManager:220 - loadIPPluginJar : add comp
2024-01-27 22:36:46,194 [INFO] IPUIPlugin:80 - create IPUIPlugin
2024-01-27 22:36:46,194 [INFO] PluginManager:220 - loadIPPluginJar : add tracer_emb
2024-01-27 22:36:46,197 [INFO] IPUIPlugin:80 - create IPUIPlugin
2024-01-27 22:36:46,197 [INFO] PluginManager:220 - loadIPPluginJar : add openamp
2024-01-27 22:36:46,201 [INFO] IPUIPlugin:80 - create IPUIPlugin
2024-01-27 22:36:46,201 [INFO] PluginManager:220 - loadIPPluginJar : add stm32_wpan
2024-01-27 22:36:46,206 [INFO] IPUIPlugin:80 - create IPUIPlugin
2024-01-27 22:36:46,209 [INFO] PluginManager:220 - loadIPPluginJar : add plateformsettings
2024-01-27 22:36:46,212 [INFO] IPUIPlugin:80 - create IPUIPlugin
2024-01-27 22:36:46,213 [INFO] PluginManager:220 - loadIPPluginJar : add ipddr
2024-01-27 22:36:46,215 [INFO] IPUIPlugin:80 - create IPUIPlugin
2024-01-27 22:36:46,215 [INFO] PluginManager:220 - loadIPPluginJar : add usart
2024-01-27 22:36:46,216 [INFO] IPUIPlugin:80 - create IPUIPlugin
2024-01-27 22:36:46,216 [INFO] PluginManager:220 - loadIPPluginJar : add ltdc
2024-01-27 22:36:46,219 [INFO] IPUIPlugin:80 - create IPUIPlugin
2024-01-27 22:36:46,220 [INFO] PluginManager:220 - loadIPPluginJar : add nvic
2024-01-27 22:36:46,221 [INFO] IPUIPlugin:80 - create IPUIPlugin
2024-01-27 22:36:46,221 [INFO] PluginManager:220 - loadIPPluginJar : add fatfs
2024-01-27 22:36:46,228 [INFO] IPUIPlugin:80 - create IPUIPlugin
2024-01-27 22:36:46,228 [INFO] PluginManager:220 - loadIPPluginJar : add linkedlist
2024-01-27 22:36:46,232 [INFO] IPUIPlugin:80 - create IPUIPlugin
2024-01-27 22:36:46,233 [INFO] PluginManager:220 - loadIPPluginJar : add dma
2024-01-27 22:36:46,236 [INFO] IPUIPlugin:80 - create IPUIPlugin
2024-01-27 22:36:46,236 [INFO] PluginManager:220 - loadIPPluginJar : add fmc
2024-01-27 22:36:46,238 [INFO] IPUIPlugin:80 - create IPUIPlugin
2024-01-27 22:36:46,238 [INFO] PluginManager:220 - loadIPPluginJar : add i2s
2024-01-27 22:36:46,239 [INFO] IPUIPlugin:80 - create IPUIPlugin
2024-01-27 22:36:46,240 [INFO] PluginManager:220 - loadIPPluginJar : add ucpd
2024-01-27 22:36:46,241 [INFO] IPUIPlugin:80 - create IPUIPlugin
2024-01-27 22:36:46,241 [INFO] PluginManager:220 - loadIPPluginJar : add lorawan
2024-01-27 22:36:46,243 [INFO] IPUIPlugin:80 - create IPUIPlugin
2024-01-27 22:36:46,244 [INFO] PluginManager:220 - loadIPPluginJar : add opamp
2024-01-27 22:36:46,246 [INFO] IPUIPlugin:80 - create IPUIPlugin
2024-01-27 22:36:46,246 [INFO] PluginManager:220 - loadIPPluginJar : add i3c
2024-01-27 22:36:46,249 [INFO] IPUIPlugin:80 - create IPUIPlugin
2024-01-27 22:36:46,249 [INFO] PluginManager:220 - loadIPPluginJar : add touchsensing
2024-01-27 22:36:46,251 [INFO] IPUIPlugin:80 - create IPUIPlugin
2024-01-27 22:36:46,251 [INFO] PluginManager:220 - loadIPPluginJar : add i2c
2024-01-27 22:36:46,254 [INFO] IPUIPlugin:80 - create IPUIPlugin
2024-01-27 22:36:46,254 [INFO] PluginManager:220 - loadIPPluginJar : add resmgrutility
2024-01-27 22:36:46,256 [INFO] IPUIPlugin:80 - create IPUIPlugin
2024-01-27 22:36:46,256 [INFO] PluginManager:220 - loadIPPluginJar : add sai
2024-01-27 22:36:46,259 [INFO] IPUIPlugin:80 - create IPUIPlugin
2024-01-27 22:36:46,259 [INFO] PluginManager:220 - loadIPPluginJar : add usbx
2024-01-27 22:36:46,357 [INFO] CADModel:165 - CPN selected for project level
2024-01-27 22:36:46,357 [INFO] CADModel:114 - Register for checkConnection events
2024-01-27 22:36:46,358 [FATAL] Updater:308 - Updater called before beeing initialized
2024-01-27 22:36:46,358 [ERROR] CADModel:125 - Updater not yet initialized, retry later 
2024-01-27 22:36:46,526 [INFO] CADModel:165 - CPN selected for project level
2024-01-27 22:36:46,527 [INFO] CADModel:114 - Register for checkConnection events
2024-01-27 22:36:46,527 [FATAL] Updater:308 - Updater called before beeing initialized
2024-01-27 22:36:46,527 [ERROR] CADModel:125 - Updater not yet initialized, retry later 
2024-01-27 22:36:46,545 [FATAL] Updater:308 - Updater called before beeing initialized
2024-01-27 22:36:46,659 [FATAL] Updater:308 - Updater called before beeing initialized
2024-01-27 22:36:46,669 [INFO] DbMcusAds:53 - JSON generation date=Wed Nov 29 02:52:27 PST 2023 (1701255147349)
2024-01-27 22:36:46,669 [FATAL] Updater:308 - Updater called before beeing initialized
2024-01-27 22:36:46,782 [WARN] DetailPanel:346 - Failed to get advertising image, set to default
2024-01-27 22:36:46,899 [FATAL] Updater:308 - Updater called before beeing initialized
2024-01-27 22:36:46,902 [FATAL] Updater:308 - Updater called before beeing initialized
2024-01-27 22:36:46,902 [FATAL] Updater:308 - Updater called before beeing initialized
2024-01-27 22:36:46,902 [WARN] DetailPanel:346 - Failed to get advertising image, set to default
2024-01-27 22:36:46,903 [FATAL] Updater:308 - Updater called before beeing initialized
2024-01-27 22:36:46,934 [ERROR] Updater:1120 - MainUpdater not yet initialized. External WinMGr cannot be set.
2024-01-27 22:36:46,965 [INFO] Updater:1056 - Updater Version found : 6.9.2
2024-01-27 22:36:46,986 [INFO] ApplicationProperties:184 - Using Application install path: /Applications/STM32CubeIDE.app/Contents/Eclipse/plugins/com.st.stm32cube.common.mx_6.9.2.202309101412
2024-01-27 22:36:47,177 [INFO] MainUpdater:2868 - connection check result : 10
2024-01-27 22:36:47,177 [INFO] MainUpdater:3562 - Updater definition file requires update
2024-01-27 22:36:47,178 [INFO] MainUpdater:285 - Updater Check For Update Now.
2024-01-27 22:36:47,178 [INFO] MicroXplorer:498 - Change Database Version : DB.6.0.92
2024-01-27 22:36:47,184 [INFO] McuFinderGlobals:63 - Set McuFinder mode to 2 (CubeIDE integrated)
2024-01-27 22:36:47,184 [INFO] UserAuth:179 - activating auth plugin
2024-01-27 22:36:47,186 [INFO] UserAuth:393 - Internet connection configuration mode: 1
2024-01-27 22:36:47,203 [INFO] JxBrowserEngine:151 - Initiate JxBrowser Engine with user profile folder
2024-01-27 22:36:47,244 [INFO] ServerAccessManage:473 - Download File updaters.zip
2024-01-27 22:36:47,319 [INFO] FileExtend:240 - Unzip File : updaters.zip
2024-01-27 22:36:47,320 [INFO] FileExtend:255 - Standard Zip Deflate
2024-01-27 22:36:47,550 [INFO] ServerAccessManage:473 - Download File PacksControlFlags.xml
2024-01-27 22:36:47,596 [INFO] ServerAccessManage:473 - Download File cubemx.pidx
2024-01-27 22:36:48,198 [INFO] ServerAccessManage:473 - Download File STMicroelectronics.X-CUBE-EEPRMA1.pdsc
2024-01-27 22:36:48,634 [WARN] MainUpdater:1189 - Updater busy. Cannot search thirdparties
2024-01-27 22:36:48,659 [INFO] ThirdPartyUpdaterWithRetryManager:96 - Updater plugin is busy. [1/15]
2024-01-27 22:36:49,062 [INFO] WebApp:157 - Instantiating new browser for Auth
2024-01-27 22:36:49,220 [ERROR] ServerAccessManage:1089 - Problem, file not found on Server
2024-01-27 22:36:50,098 [INFO] McuFinderGlobals:63 - Set McuFinder mode to 2 (CubeIDE integrated)
2024-01-27 22:36:50,141 [ERROR] ServerAccessManage:1089 - Problem, file not found on Server
2024-01-27 22:36:50,661 [INFO] WebApp:753 - Register for checkConnection events
2024-01-27 22:36:50,662 [INFO] WebApp:390 - Apply proxy settings
2024-01-27 22:36:50,665 [INFO] WebApp:455 - Chromium authenticates against System proxy
2024-01-27 22:36:50,911 [INFO] WebApp:188 - Starting web application
2024-01-27 22:36:50,911 [INFO] WebApp:520 - Web application path used /Applications/STM32CubeIDE.app/Contents/Eclipse/plugins/com.st.stm32cube.common.mx_6.9.2.202309101412/db/plugins/mcufinder/reactClient1/index.html
2024-01-27 22:36:51,223 [ERROR] ServerAccessManage:1096 - Problem, Http access forbiden
2024-01-27 22:36:51,224 [ERROR] ServerAccessManage:651 - Problem, Http access forbiden : RoweBots.I-CUBE-UNISONRTOS.pdsc.
2024-01-27 22:36:51,388 [WARN] PackLoader:240 - Cannot read IP mode file for STMicroelectronics.X-CUBE-EEPRMA1.5.1.0
2024-01-27 22:36:51,393 [INFO] PopulateThirdPartyThread:66 - Ending populate Thread
2024-01-27 22:36:51,394 [INFO] ThirdParty:1030 - CMSIS Pack Vendor :STMicroelectronics X-CUBE-EEPRMA1 5.1.0
2024-01-27 22:36:51,395 [INFO] LoadServerUpdatesThread:373 - End of LoadServerUpdate Thread
2024-01-27 22:36:51,515 [INFO] CheckServerUpdateThread:120 - End of CheckServer Thread
2024-01-27 22:36:51,771 [WARN] PackLoader:240 - Cannot read IP mode file for STMicroelectronics.X-CUBE-SMBUS.2.1.0
2024-01-27 22:36:51,775 [WARN] PackLoader:240 - Cannot read IP mode file for STMicroelectronics.X-CUBE-TOUCHGFX.4.23.0
2024-01-27 22:36:51,801 [WARN] PackLoader:240 - Cannot read IP mode file for STMicroelectronics.X-CUBE-AZRTOS-F7.1.1.0
2024-01-27 22:36:51,811 [WARN] PackLoader:240 - Cannot read IP mode file for STMicroelectronics.FP-SNS-MOTENV1.4.3.2
2024-01-27 22:36:51,816 [WARN] PackLoader:240 - Cannot read IP mode file for STMicroelectronics.FP-SNS-FLIGHT1.5.0.2
2024-01-27 22:36:51,824 [WARN] PackLoader:240 - Cannot read IP mode file for STMicroelectronics.X-CUBE-DISPLAY.3.0.0
2024-01-27 22:36:51,835 [WARN] PackLoader:240 - Cannot read IP mode file for STMicroelectronics.X-CUBE-BLE1.7.0.0
2024-01-27 22:36:51,839 [WARN] PackLoader:240 - Cannot read IP mode file for emotas.I-CUBE-CANOPEN.1.3.0
2024-01-27 22:36:51,842 [WARN] PackLoader:240 - Cannot read IP mode file for STMicroelectronics.X-CUBE-TOUCHGFX.4.22.1
2024-01-27 22:36:51,851 [INFO] LogOutputStream:77 - [STDOUT_REDIRECT] 1 : Invalid condition id : UX_CORESTACK_Condition cause : null
2024-01-27 22:36:51,851 [INFO] LogOutputStream:77 - [STDOUT_REDIRECT] 1 : Invalid condition id : UX_CORESTACK_Condition cause : null
2024-01-27 22:36:51,852 [INFO] LogOutputStream:77 - [STDOUT_REDIRECT] 1 : Invalid condition id : UX_CORESTACK_Condition cause : null
2024-01-27 22:36:51,852 [INFO] LogOutputStream:77 - [STDOUT_REDIRECT] 1 : Invalid condition id : UX_CORESTACK_Condition cause : null
2024-01-27 22:36:51,852 [INFO] LogOutputStream:77 - [STDOUT_REDIRECT] 1 : Invalid condition id : UX_CORESTACK_Condition cause : null
2024-01-27 22:36:51,856 [WARN] PackLoader:240 - Cannot read IP mode file for STMicroelectronics.X-CUBE-AZRTOS-WL.2.0.0
2024-01-27 22:36:51,864 [WARN] PackLoader:240 - Cannot read IP mode file for WES.I-CUBE-Cesium.1.3.0
2024-01-27 22:36:51,869 [WARN] PackLoader:240 - Cannot read IP mode file for STMicroelectronics.X-CUBE-BLE2.3.3.0
2024-01-27 22:36:51,875 [WARN] PackLoader:240 - Cannot read IP mode file for STMicroelectronics.X-CUBE-ALGOBUILD.1.3.0
2024-01-27 22:36:51,892 [WARN] PackLoader:240 - Cannot read IP mode file for STMicroelectronics.X-CUBE-AZRTOS-G0.1.1.0
2024-01-27 22:36:51,899 [WARN] PackLoader:240 - Cannot read IP mode file for STMicroelectronics.X-CUBE-NFC4.3.0.0
2024-01-27 22:36:51,906 [INFO] MainUpdater:2868 - connection check result : 10
2024-01-27 22:36:51,907 [INFO] MainUpdater:2868 - connection check result : 10
2024-01-27 22:36:51,910 [WARN] PackLoader:240 - Cannot read IP mode file for STMicroelectronics.X-CUBE-BLEMGR.3.0.0
2024-01-27 22:36:51,919 [WARN] PackLoader:240 - Cannot read IP mode file for STMicroelectronics.FP-ATR-SIGFOX1.3.2.0
2024-01-27 22:36:51,926 [WARN] PackLoader:240 - Cannot read IP mode file for STMicroelectronics.X-CUBE-EEPRMA1.5.1.0
2024-01-27 22:36:51,980 [WARN] PackLoader:240 - Cannot read IP mode file for SEGGER.I-CUBE-embOS.1.3.1
2024-01-27 22:36:52,069 [WARN] PackLoader:240 - Cannot read IP mode file for STMicroelectronics.X-CUBE-GNSS1.6.0.0
2024-01-27 22:36:52,120 [WARN] PackLoader:240 - Cannot read IP mode file for STMicroelectronics.X-CUBE-AZRTOS-F4.1.1.0
2024-01-27 22:36:52,137 [WARN] PackLoader:240 - Cannot read IP mode file for wolfSSL.I-CUBE-wolfSSL.5.6.6
2024-01-27 22:36:52,165 [WARN] PackLoader:240 - Cannot read IP mode file for STMicroelectronics.X-CUBE-AZRTOS-L5.2.0.0
2024-01-27 22:36:52,173 [WARN] PackLoader:240 - Cannot read IP mode file for STMicroelectronics.X-CUBE-EEPRMA1.4.2.0
2024-01-27 22:36:52,178 [WARN] PackLoader:240 - Cannot read IP mode file for ITTIA_DB.I-CUBE-ITTIADB.8.8.0
2024-01-27 22:36:52,191 [WARN] PackLoader:240 - Cannot read IP mode file for STMicroelectronics.X-CUBE-BLEMGR.2.0.0
2024-01-27 22:36:52,202 [WARN] PackLoader:240 - Cannot read IP mode file for STMicroelectronics.X-CUBE-NFC7.1.0.1
2024-01-27 22:36:52,208 [WARN] PackLoader:240 - Cannot read IP mode file for STMicroelectronics.X-CUBE-EEPRMA1.4.1.0
2024-01-27 22:36:52,214 [WARN] PackLoader:240 - Cannot read IP mode file for STMicroelectronics.X-CUBE-AI.8.1.0
2024-01-27 22:36:52,240 [WARN] ConditionMgr:438 - getConditionDescription Invalid condition id : LAN8742 Phy interface Condition cause : null
2024-01-27 22:36:52,241 [WARN] PackLoader:240 - Cannot read IP mode file for STMicroelectronics.X-CUBE-AZRTOS-L4.2.0.0
2024-01-27 22:36:52,259 [WARN] ConditionMgr:1039 - genDependencies : Invalid condition id : LAN8742 Phy interface Condition cause : null
2024-01-27 22:36:52,260 [WARN] ConditionMgr:1039 - genDependencies : Invalid condition id : LAN8742 Phy interface Condition cause : null
2024-01-27 22:36:52,261 [WARN] ConditionMgr:1039 - genDependencies : Invalid condition id : LAN8742 Phy interface Condition cause : null
2024-01-27 22:36:52,294 [WARN] PackLoader:240 - Cannot read IP mode file for STMicroelectronics.X-CUBE-SFXS2LP1.4.0.0
2024-01-27 22:36:52,347 [WARN] PackLoader:240 - Cannot read IP mode file for STMicroelectronics.X-CUBE-ISPU.1.1.0
2024-01-27 22:36:52,367 [WARN] ConditionMgr:438 - getConditionDescription Invalid condition id : UX DEVICE CLASS RTOS Condition cause : null
2024-01-27 22:36:52,368 [WARN] ConditionMgr:438 - getConditionDescription Invalid condition id : UX DEVICE CLASS RTOS Condition cause : null
2024-01-27 22:36:52,373 [WARN] PackLoader:240 - Cannot read IP mode file for STMicroelectronics.X-CUBE-AZRTOS-WB.2.0.0
2024-01-27 22:36:52,374 [WARN] ConditionMgr:1039 - genDependencies : Invalid condition id : UX DEVICE CLASS RTOS Condition cause : null
2024-01-27 22:36:52,375 [WARN] ConditionMgr:1039 - genDependencies : Invalid condition id : UX DEVICE CLASS RTOS Condition cause : null
2024-01-27 22:36:52,375 [WARN] ConditionMgr:1039 - genDependencies : Invalid condition id : UX DEVICE CLASS RTOS Condition cause : null
2024-01-27 22:36:52,376 [WARN] ConditionMgr:1039 - genDependencies : Invalid condition id : UX DEVICE CLASS RTOS Condition cause : null
2024-01-27 22:36:52,376 [WARN] ConditionMgr:1039 - genDependencies : Invalid condition id : UX DEVICE CLASS RTOS Condition cause : null
2024-01-27 22:36:52,398 [WARN] PackLoader:240 - Cannot read IP mode file for STMicroelectronics.X-CUBE-SUBG2.5.0.0
2024-01-27 22:36:52,702 [WARN] PackLoader:240 - Cannot read IP mode file for STMicroelectronics.X-CUBE-TOF1.3.3.1
2024-01-27 22:36:52,965 [WARN] PackLoader:240 - Cannot read IP mode file for STMicroelectronics.X-CUBE-AZRTOS-G4.2.0.0
2024-01-27 22:36:52,999 [WARN] PackLoader:240 - Cannot read IP mode file for Infineon.AIROC-Wi-Fi-Bluetooth-STM32.1.5.1
2024-01-27 22:36:53,009 [WARN] PackLoader:240 - Cannot read IP mode file for STMicroelectronics.FP-SNS-MOTENVWB1.1.3.1
2024-01-27 22:36:53,016 [WARN] PackLoader:240 - Cannot read IP mode file for STMicroelectronics.X-CUBE-ISPU.2.0.0
2024-01-27 22:36:53,023 [WARN] PackLoader:240 - Cannot read IP mode file for STMicroelectronics.X-CUBE-FREERTOS.1.1.0
2024-01-27 22:36:53,028 [WARN] PackLoader:240 - Cannot read IP mode file for portGmbH.I-Cube-SoM-uGOAL.1.1.0
2024-01-27 22:36:53,033 [WARN] PackLoader:240 - Cannot read IP mode file for STMicroelectronics.X-CUBE-ALS.1.0.1
2024-01-27 22:36:53,044 [WARN] PackLoader:240 - Cannot read IP mode file for STMicroelectronics.FP-ATR-ASTRA1.2.0.0
2024-01-27 22:36:53,261 [WARN] PackLoader:240 - Cannot read IP mode file for STMicroelectronics.X-CUBE-TOF1.3.4.0
2024-01-27 22:36:53,336 [WARN] PackLoader:240 - Cannot read IP mode file for STMicroelectronics.X-CUBE-AZRTOS-H7.3.2.0
2024-01-27 22:36:53,344 [INFO] ThirdParty:978 - Integrity check success = true
2024-01-27 22:36:53,344 [INFO] IntegrityCheckThread:100 - exiting critical section [integrity check]
2024-01-27 22:36:53,344 [INFO] IntegrityCheckThread:103 - End integrity checks thread
2024-01-27 22:36:53,619 [INFO] MicroXplorer:468 - Change Database Path : 
2024-01-27 22:36:53,636 [INFO] MicroXplorer:498 - Change Database Version : DB.6.0.92
2024-01-27 22:36:53,661 [WARN] ThirdParty:871 - waiting for thirdparty lock release [close project]
2024-01-27 22:36:53,677 [INFO] ThirdParty:873 - entering critical section [close project]
2024-01-27 22:36:53,698 [INFO] ThirdParty:883 - exiting critical section [close project]
2024-01-27 22:36:53,720 [INFO] PinOutPanel:1499 - setPackage(No Configuration,No Configuration)
2024-01-27 22:36:53,745 [INFO] UtilMem:75 - Begin LoadConfig() Used Memory: 278529104 Bytes (591396864)
2024-01-27 22:36:53,758 [INFO] MicroXplorer:468 - Change Database Path : 
2024-01-27 22:36:53,778 [INFO] MicroXplorer:498 - Change Database Version : DB.6.0.92
2024-01-27 22:36:53,814 [INFO] OpenFileManager:308 - Change cursor
2024-01-27 22:36:54,157 [INFO] Mcu:1946 - Initializing MCU STM32F103C(8-B)Tx STM32F103C8Tx STM32F103C8T6
2024-01-27 22:36:55,145 [INFO] Context:659 - Trying to add GPIOservice into a context  which must be forbidden
2024-01-27 22:36:55,524 [INFO] RtosManager:555 - Registered RTOS mode: class=CMSIS, group=RTOS, mode=CMSIS_V1, owner=FREERTOS
2024-01-27 22:36:55,524 [INFO] RtosManager:555 - Registered RTOS mode: class=CMSIS, group=RTOS2, mode=CMSIS_V2, owner=FREERTOS
2024-01-27 22:36:55,525 [INFO] RtosManager:555 - Registered RTOS mode: class=RTOS, group=Core, mode=CMSIS_V1, owner=FREERTOS
2024-01-27 22:36:55,525 [INFO] RtosManager:555 - Registered RTOS mode: class=RTOS, group=Core, mode=CMSIS_V2, owner=FREERTOS
2024-01-27 22:36:55,525 [WARN] ModelIntegratedComponent:184 - Missing modes for component STMicroelectronics:FreeRTOS:0.0.1:STMicroelectronics:RTOS:FreeRTOS:Core:::10.2.0:
2024-01-27 22:36:55,556 [WARN] ModelIntegratedComponent:63 - No mode defined for component null
2024-01-27 22:36:55,556 [WARN] ModelIntegratedComponent:63 - No mode defined for component null
2024-01-27 22:36:55,556 [WARN] ModelIntegratedComponent:63 - No mode defined for component null
2024-01-27 22:36:55,556 [WARN] ModelIntegratedComponent:63 - No mode defined for component null
2024-01-27 22:36:55,556 [WARN] ModelIntegratedComponent:63 - No mode defined for component null
2024-01-27 22:36:55,556 [WARN] ModelIntegratedComponent:63 - No mode defined for component null
2024-01-27 22:36:55,557 [WARN] ModelIntegratedComponent:63 - No mode defined for component null
2024-01-27 22:36:55,557 [WARN] ModelIntegratedComponent:63 - No mode defined for component null
2024-01-27 22:36:55,557 [WARN] ModelIntegratedComponent:63 - No mode defined for component null
2024-01-27 22:36:55,557 [WARN] ModelIntegratedComponent:63 - No mode defined for component null
2024-01-27 22:36:55,557 [WARN] ModelIntegratedComponent:63 - No mode defined for component null
2024-01-27 22:36:55,557 [WARN] ModelIntegratedComponent:63 - No mode defined for component null
2024-01-27 22:36:55,557 [WARN] ModelIntegratedComponent:63 - No mode defined for component null
2024-01-27 22:36:55,557 [WARN] ModelIntegratedComponent:63 - No mode defined for component null
2024-01-27 22:36:55,557 [WARN] ModelIntegratedComponent:63 - No mode defined for component null
2024-01-27 22:36:55,557 [WARN] ModelIntegratedComponent:63 - No mode defined for component null
2024-01-27 22:36:55,557 [WARN] ModelIntegratedComponent:63 - No mode defined for component null
2024-01-27 22:36:55,557 [WARN] ModelIntegratedComponent:63 - No mode defined for component null
2024-01-27 22:36:55,557 [WARN] ModelIntegratedComponent:63 - No mode defined for component null
2024-01-27 22:36:55,558 [WARN] ModelIntegratedComponent:63 - No mode defined for component null
2024-01-27 22:36:55,558 [WARN] ModelIntegratedComponent:63 - No mode defined for component null
2024-01-27 22:36:55,558 [WARN] ModelIntegratedComponent:63 - No mode defined for component null
2024-01-27 22:36:55,558 [WARN] ModelIntegratedComponent:63 - No mode defined for component null
2024-01-27 22:36:55,558 [WARN] ModelIntegratedComponent:63 - No mode defined for component null
2024-01-27 22:36:55,558 [WARN] ModelIntegratedComponent:63 - No mode defined for component null
2024-01-27 22:36:55,558 [WARN] ModelIntegratedComponent:63 - No mode defined for component null
2024-01-27 22:36:55,558 [WARN] ModelIntegratedComponent:63 - No mode defined for component null
2024-01-27 22:36:55,558 [WARN] ModelIntegratedComponent:63 - No mode defined for component null
2024-01-27 22:36:55,558 [WARN] ModelIntegratedComponent:63 - No mode defined for component null
2024-01-27 22:36:55,559 [WARN] ModelIntegratedComponent:63 - No mode defined for component null
2024-01-27 22:36:55,559 [WARN] ModelIntegratedComponent:63 - No mode defined for component null
2024-01-27 22:36:55,559 [WARN] ModelIntegratedComponent:63 - No mode defined for component null
2024-01-27 22:36:55,559 [WARN] ModelIntegratedComponent:63 - No mode defined for component null
2024-01-27 22:36:55,599 [INFO] ThirdPartyModel:298 - Start build external matchings
2024-01-27 22:36:55,826 [INFO] ThirdPartyModel:316 - End build external matchings
2024-01-27 22:36:55,838 [INFO] ImportTextPane:194 - (OptionalMessage_ERROR) IP (RCC) : Invalid parameter (FamilyName)
2024-01-27 22:36:55,838 [INFO] ImportTextPane:194 - (OptionalMessage_ERROR) IP (RCC) : Parameter (MCOFreq_Value) has invalid value (72000000)
2024-01-27 22:36:56,073 [INFO] UtilMem:75 - End LoadConfig() Used Memory: 260028824 Bytes (591396864)
2024-01-27 22:36:56,519 [INFO] ApiDb:581 - Connected to CubeFinder SQLite database (/Users/haotian/.stmcufinder/plugins/mcufinder/mcu/cube-finder-db.db)
2024-01-27 22:36:56,585 [INFO] ApiDb:668 - CubeFinder database Data Model version=2.1
2024-01-27 22:36:56,585 [INFO] ApiDb:669 - CubeFinder database Configuration version=3.0.39
2024-01-27 22:36:56,585 [INFO] ApiDb:670 - CubeFinder database generation date=2023-12-08 (1702028721)
2024-01-27 22:36:56,586 [INFO] ApiDb:671 - CubeFinder database FW Pack versions=[FP-ATR-ASTRA1_V2.0.0, FP-SNS-FLIGHT1_V5.0.1, FP-SNS-FLIGHT1_V5.0.2, FP-SNS-MOTENV1_V4.3.1, FP-SNS-MOTENV1_V4.3.2, FP-SNS-MOTENVWB1_V1.3.1, FP-SNS-SMARTAG2_V1.2.0, STM32Cube_FW_C0_V1.1.0, STM32Cube_FW_F4_V1.28.0, STM32Cube_FW_F7_V1.17.0, STM32Cube_FW_G0_V1.6.1, STM32Cube_FW_G4_V1.5.1, STM32Cube_FW_H5_V0.5.1, STM32Cube_FW_H5_V1.1.1, STM32Cube_FW_H5_V1.2.0RC2, STM32Cube_FW_H7_V1.11.0, STM32Cube_FW_L0_V1.12.2, STM32Cube_FW_L5_V1.5.0, STM32Cube_FW_U5_V1.3.0RC4, STM32Cube_FW_U5_V1.4.0, STM32Cube_FW_WBA_V1.0.0RC1, STM32Cube_FW_WBA_V1.1.0RC1, STM32Cube_FW_WBA_V1.2.0, STM32Cube_FW_WBA_V1.2.0RC2, STM32Cube_FW_WB_V1.15.0RC1, STM32Cube_FW_WB_V1.16.0, STM32Cube_FW_WB_V1.16.0RC2, STM32Cube_FW_WB_V1.18.0, STM32Cube_FW_WL_V1.3.0, X-CUBE-ALGOBUILD_V1.3.0, X-CUBE-ALS_V1.0.1, X-CUBE-AZRTOS-F4_V1.1.0, X-CUBE-AZRTOS-F7_V1.1.0, X-CUBE-AZRTOS-G0_V1.1.0, X-CUBE-AZRTOS-G4_V2.0.0, X-CUBE-AZRTOS-H7_V3.1.0, X-CUBE-AZRTOS-L4_V1.0.0, X-CUBE-AZRTOS-L4_V2.0.0, X-CUBE-AZRTOS-L5_V1.1.0, X-CUBE-AZRTOS-WB_V2.0.0, X-CUBE-AZRTOS-WL_V2.0.0, X-CUBE-BLE1_V7.0.0, X-CUBE-BLE2_V3.3.0, X-CUBE-BLEMGR_V3.0.0, X-CUBE-EEPRMA1_V4.1.0, X-CUBE-EEPRMA1_V4.2.0, X-CUBE-FREERTOS_V1.1.0, X-CUBE-GNSS1_V6.0.0, X-CUBE-MEMS1_V10.0.0, X-CUBE-MEMS1_V9.1.0, X-CUBE-MEMS1_V9.4.0, X-CUBE-MEMS1_V9.6.0, X-CUBE-NFC4_V3.0.0, X-CUBE-NFC7_V1.0.1, X-CUBE-SFXS2LP1_V4.0.0, X-CUBE-SUBG2_V5.0.0, X-CUBE-TOF1_V3.4.0]
2024-01-27 22:36:58,848 [INFO] ApiDb:240 - Found 323 in-development CPN: [B-G473E-ZEST1S, B-WB1M-WPAN1, B-WL5M-SUBG1, NUCLEO-C031C6, NUCLEO-H503RB, NUCLEO-H563ZI, NUCLEO-U545RE-Q, NUCLEO-U5A5ZJ-Q, NUCLEO-WBA52CG, STEVAL-PROTEUS1, STEVAL-SMARTAG2, STEVAL-STWINBX1, STM320518-EVAL, STM32C0116-DK, STM32C011D6Y3TR, STM32C011D6Y6TR, STM32C011F4P3, STM32C011F4P6, STM32C011F4U3, STM32C011F4U6TR, STM32C011F6P3, STM32C011F6P6, STM32C011F6U3, STM32C011F6U6TR, STM32C011J4M3, STM32C011J4M6, STM32C011J6M3, STM32C011J6M6, STM32C0316-DK, STM32C031C4T3, STM32C031C4T6, STM32C031C4U3, STM32C031C4U6, STM32C031C6T3, STM32C031C6T6, STM32C031C6U3, STM32C031C6U6, STM32C031F4P3, STM32C031F4P6, STM32C031F6P3, STM32C031F6P6, STM32C031G4U3, STM32C031G4U6, STM32C031G6U3, STM32C031G6U6, STM32C031K4T3, STM32C031K4T6, STM32C031K4U3, STM32C031K4U6, STM32C031K6T3, STM32C031K6T6, STM32C031K6U3, STM32C031K6U6, STM32G071K8TXN, STM32G071K8UXN, STM32G081GBU6N, STM32G081KBT6N, STM32G081KBUXN, STM32G0B1CCT6N, STM32G0B1KCT6, STM32G0B1NEY6TR, STM32G0B1RCT6N, STM32G0C1CCT6, STM32G0C1CCT6N, STM32G0C1CCU6N, STM32G0C1CET6N, STM32G0C1CEU6N, STM32G0C1KCT6, STM32G0C1NEY6TR, STM32G0C1RCI6N, STM32G0C1RCT6N, STM32G0C1REI6N, STM32G0C1RET6N, STM32G0C1VCI6, STM32G0C1VEI6, STM32G471CCT6, STM32G471CCU6, STM32G471CET3, STM32G471CET6, STM32G471CEU3, STM32G471CEU6, STM32G471MCT6, STM32G471MET3, STM32G471MET6, STM32G471MEY6TR, STM32G471QCT6, STM32G471QET3, STM32G471RCT6, STM32G471RET3, STM32G471RET6, STM32G471VCH6, STM32G471VCI6, STM32G471VCT6, STM32G471VEH3, STM32G471VEH6, STM32G471VEI3, STM32G471VEI6, STM32G471VET3, STM32G471VET6, STM32G474CCT6, STM32H503CBT6, STM32H503CBU6, STM32H503EBY6TR, STM32H503KBU6, STM32H503RBT6, STM32H562AGI6, STM32H562AII6, STM32H562IGK6, STM32H562IGT6, STM32H562IIK6, STM32H562IIT6, STM32H562RGT6, STM32H562RGV6, STM32H562RIT6, STM32H562RIV6, STM32H562VGT6, STM32H562VIT6, STM32H562ZGT6, STM32H562ZIT6, STM32H563AGI6, STM32H563AII3Q, STM32H563AII6, STM32H563IGK6, STM32H563IGT6, STM32H563IIK3Q, STM32H563IIK6, STM32H563IIT3Q, STM32H563IIT6, STM32H563MIY3QTR, STM32H563RGT6, STM32H563RGV6, STM32H563RIT6, STM32H563RIV6, STM32H563VGT6, STM32H563VIT3Q, STM32H563VIT6, STM32H563ZGT6, STM32H563ZIT3Q, STM32H563ZIT6, STM32H573AII3Q, STM32H573AII6, STM32H573I-DK, STM32H573IIK3Q, STM32H573IIK6, STM32H573IIT3Q, STM32H573IIT6, STM32H573MIY3QTR, STM32H573RIT6, STM32H573RIV6, STM32H573VIT3Q, STM32H573VIT6, STM32H573ZIT3Q, STM32H573ZIT6, STM32L4R5QGI6STR, STM32MP131AAE3, STM32MP131AAF3, STM32MP131AAG3, STM32MP131CAE3, STM32MP131CAF3, STM32MP131CAG3, STM32MP131DAE7, STM32MP131DAF7, STM32MP131DAG7, STM32MP131FAE7, STM32MP131FAF7, STM32MP131FAG7, STM32MP133AAE3, STM32MP133AAF3, STM32MP133AAG3, STM32MP133CAE3, STM32MP133CAF3, STM32MP133CAG3, STM32MP133DAE7, STM32MP133DAF7, STM32MP133DAG7, STM32MP133FAE7, STM32MP133FAF7, STM32MP133FAG7, STM32MP135AAE3, STM32MP135AAF3, STM32MP135AAG3, STM32MP135CAE3, STM32MP135CAF3, STM32MP135CAG3, STM32MP135DAE7, STM32MP135DAF7, STM32MP135DAG7, STM32MP135F-DK, STM32MP135FAE7, STM32MP135FAF7, STM32MP135FAF7T, STM32MP135FAF7U, STM32MP135FAG7, STM32U535CBT6, STM32U535CBT6Q, STM32U535CBU6, STM32U535CBU6Q, STM32U535CCT6, STM32U535CCT6Q, STM32U535CCU6, STM32U535CCU6Q, STM32U535CET6, STM32U535CET6Q, STM32U535CEU6, STM32U535CEU6Q, STM32U535JEY6QTR, STM32U535NCY6QTR, STM32U535NEY6QTR, STM32U535RBI6, STM32U535RBI6Q, STM32U535RBT6, STM32U535RBT6Q, STM32U535RCI6, STM32U535RCI6Q, STM32U535RCT6, STM32U535RCT6Q, STM32U535REI6, STM32U535REI6Q, STM32U535RET6, STM32U535RET6Q, STM32U535VCI6, STM32U535VCI6Q, STM32U535VCT6, STM32U535VCT6Q, STM32U535VEI6, STM32U535VEI6Q, STM32U535VET6, STM32U535VET6Q, STM32U545CET6, STM32U545CET6Q, STM32U545CEU6, STM32U545CEU6Q, STM32U545JEY6QTR, STM32U545NEY6QTR, STM32U545REI6, STM32U545REI6Q, STM32U545RET6, STM32U545RET6Q, STM32U545VEI6, STM32U545VEI6Q, STM32U545VET6, STM32U545VET6Q, STM32U595AIH6, STM32U595AIH6Q, STM32U595AJH6, STM32U595AJH6Q, STM32U595QII6, STM32U595QII6Q, STM32U595QJI6, STM32U595QJI6Q, STM32U595RIT6, STM32U595RIT6Q, STM32U595RJT6, STM32U595RJT6Q, STM32U595VIT6, STM32U595VIT6Q, STM32U595VJT6, STM32U595VJT6Q, STM32U595ZIT6, STM32U595ZIT6Q, STM32U595ZIY6QTR, STM32U595ZJT6, STM32U595ZJT6Q, STM32U595ZJY6QTR, STM32U599BJY6QTR, STM32U599NIH6Q, STM32U599NJH6Q, STM32U599VIT6Q, STM32U599VJT6, STM32U599VJT6Q, STM32U599ZIT6Q, STM32U599ZIY6QTR, STM32U599ZJT6Q, STM32U599ZJY6QTR, STM32U5A5AJH6, STM32U5A5AJH6Q, STM32U5A5QJI6, STM32U5A5QJI6Q, STM32U5A5RJT6, STM32U5A5RJT6Q, STM32U5A5VJT6, STM32U5A5VJT6Q, STM32U5A5ZJT6, STM32U5A5ZJT6Q, STM32U5A5ZJY6QTR, STM32U5A9BJY6QTR, STM32U5A9J-DK, STM32U5A9NJH6Q, STM32U5A9VJT6Q, STM32U5A9ZJT6Q, STM32U5A9ZJY6QTR, STM32U5F7VIT6, STM32U5F7VIT6Q, STM32U5F7VJT6, STM32U5F7VJT6Q, STM32U5F9BJY6QTR, STM32U5F9NJH6Q, STM32U5F9VIT6Q, STM32U5F9VJT6Q, STM32U5F9ZIJ6QTR, STM32U5F9ZIT6Q, STM32U5F9ZJJ6QTR, STM32U5F9ZJT6Q, STM32U5G7VJT6, STM32U5G7VJT6Q, STM32U5G9BJY6QTR, STM32U5G9J-DK1, STM32U5G9J-DK2, STM32U5G9NJH6Q, STM32U5G9VJT6Q, STM32U5G9ZJJ6QTR, STM32U5G9ZJT6Q, STM32WB1MMCH6, STM32WBA52CEU6, STM32WBA52CEU6T, STM32WBA52CGU6, STM32WBA52CGU6T, STM32WBA52KEU6, STM32WBA52KEU6T, STM32WBA52KGU6, STM32WBA52KGU6T, STM32WL5MOCH6, STM32WL5MOCH6TR]
2024-01-27 22:36:58,852 [INFO] DbMcus:217 - Found 3882 MCUs, 3882 are supported
2024-01-27 22:36:58,853 [INFO] ApiDb:423 - Load user favorites file /Users/haotian/.stm32cubeide/favorites.mcus.txt: 0 item(s)
2024-01-27 22:36:58,853 [INFO] ApiDb:427 - User favorites MCUs=[]
2024-01-27 22:36:58,854 [INFO] DbMcus:223 - Set 0 / 0 favorites MCUs
2024-01-27 22:36:59,194 [WARN] ThirdParty:833 - waiting for thirdparty lock release [change project]
2024-01-27 22:36:59,194 [INFO] ThirdParty:835 - entering critical section [change project]
2024-01-27 22:36:59,194 [INFO] ThirdParty:1030 - CMSIS Pack Vendor :STMicroelectronics X-CUBE-ISPU 1.1.0
2024-01-27 22:36:59,194 [INFO] ThirdParty:1030 - CMSIS Pack Vendor :STMicroelectronics USBPD 4.1
2024-01-27 22:36:59,194 [INFO] ThirdParty:1030 - CMSIS Pack Vendor :STMicroelectronics X-CUBE-GNSS1 6.0.0
2024-01-27 22:36:59,195 [INFO] ThirdParty:1030 - CMSIS Pack Vendor :STMicroelectronics USB_HOST 2.0.0
2024-01-27 22:36:59,195 [INFO] ThirdParty:1030 - CMSIS Pack Vendor :STMicroelectronics X-CUBE-AZRTOS-F4 1.1.0
2024-01-27 22:36:59,195 [INFO] ThirdParty:1030 - CMSIS Pack Vendor :STMicroelectronics LIBJPEG 8.0.0
2024-01-27 22:36:59,195 [INFO] ThirdParty:1030 - CMSIS Pack Vendor :STMicroelectronics X-CUBE-SMBUS 2.1.0
2024-01-27 22:36:59,195 [INFO] ThirdParty:1030 - CMSIS Pack Vendor :STMicroelectronics USB_DEVICE 3.0.0
2024-01-27 22:36:59,195 [INFO] ThirdParty:1030 - CMSIS Pack Vendor :STMicroelectronics X-CUBE-AZRTOS-WB 2.0.0
2024-01-27 22:36:59,195 [INFO] ThirdParty:1030 - CMSIS Pack Vendor :wolfSSL I-CUBE-wolfSSL 5.6.6
2024-01-27 22:36:59,195 [INFO] ThirdParty:1030 - CMSIS Pack Vendor :STMicroelectronics X-CUBE-TOUCHGFX 4.23.0
2024-01-27 22:36:59,195 [INFO] ThirdParty:1030 - CMSIS Pack Vendor :STMicroelectronics X-CUBE-AZRTOS-F7 1.1.0
2024-01-27 22:36:59,195 [INFO] ThirdParty:1030 - CMSIS Pack Vendor :STMicroelectronics X-CUBE-AZRTOS-L5 2.0.0
2024-01-27 22:36:59,195 [INFO] ThirdParty:1030 - CMSIS Pack Vendor :STMicroelectronics USB_DEVICE 2.0.0
2024-01-27 22:36:59,195 [INFO] ThirdParty:1030 - CMSIS Pack Vendor :STMicroelectronics X-CUBE-EEPRMA1 4.2.0
2024-01-27 22:36:59,195 [INFO] ThirdParty:1030 - CMSIS Pack Vendor :ITTIA_DB I-CUBE-ITTIADB 8.8.0
2024-01-27 22:36:59,195 [INFO] ThirdParty:1030 - CMSIS Pack Vendor :STMicroelectronics FP-SNS-MOTENV1 4.3.2
2024-01-27 22:36:59,195 [INFO] ThirdParty:1030 - CMSIS Pack Vendor :STMicroelectronics X-CUBE-ALGOBUILD 1.3.0
2024-01-27 22:36:59,195 [INFO] ThirdParty:1030 - CMSIS Pack Vendor :STMicroelectronics FreeRTOS 0.0.1
2024-01-27 22:36:59,195 [INFO] ThirdParty:1030 - CMSIS Pack Vendor :STMicroelectronics X-CUBE-AZRTOS-G0 1.1.0
2024-01-27 22:36:59,195 [INFO] ThirdParty:1030 - CMSIS Pack Vendor :STMicroelectronics X-CUBE-BLEMGR 2.0.0
2024-01-27 22:36:59,195 [INFO] ThirdParty:1030 - CMSIS Pack Vendor :STMicroelectronics X-CUBE-NFC4 3.0.0
2024-01-27 22:36:59,195 [INFO] ThirdParty:1030 - CMSIS Pack Vendor :STMicroelectronics X-CUBE-SUBG2 5.0.0
2024-01-27 22:36:59,195 [INFO] ThirdParty:1030 - CMSIS Pack Vendor :STMicroelectronics STM32_WPAN 1.0.0
2024-01-27 22:36:59,196 [INFO] ThirdParty:1030 - CMSIS Pack Vendor :STMicroelectronics lwIP 2.0.3
2024-01-27 22:36:59,196 [INFO] ThirdParty:1030 - CMSIS Pack Vendor :STMicroelectronics FP-SNS-FLIGHT1 5.0.2
2024-01-27 22:36:59,196 [INFO] ThirdParty:1030 - CMSIS Pack Vendor :STMicroelectronics USB_HOST 1.0.0
2024-01-27 22:36:59,196 [INFO] ThirdParty:1030 - CMSIS Pack Vendor :STMicroelectronics X-CUBE-TOF1 3.3.1
2024-01-27 22:36:59,196 [INFO] ThirdParty:1030 - CMSIS Pack Vendor :STMicroelectronics X-CUBE-AZRTOS-G4 2.0.0
2024-01-27 22:36:59,196 [INFO] ThirdParty:1030 - CMSIS Pack Vendor :STMicroelectronics PDM2PCM 3.1.0
2024-01-27 22:36:59,196 [INFO] ThirdParty:1030 - CMSIS Pack Vendor :Infineon AIROC-Wi-Fi-Bluetooth-STM32 1.5.1
2024-01-27 22:36:59,196 [INFO] ThirdParty:1030 - CMSIS Pack Vendor :STMicroelectronics X-CUBE-BLEMGR 3.0.0
2024-01-27 22:36:59,196 [INFO] ThirdParty:1030 - CMSIS Pack Vendor :STMicroelectronics PDM2PCM 3.3.0
2024-01-27 22:36:59,196 [INFO] ThirdParty:1030 - CMSIS Pack Vendor :STMicroelectronics X-CUBE-DISPLAY 3.0.0
2024-01-27 22:36:59,196 [INFO] ThirdParty:1030 - CMSIS Pack Vendor :STMicroelectronics FP-SNS-MOTENVWB1 1.3.1
2024-01-27 22:36:59,196 [INFO] ThirdParty:1030 - CMSIS Pack Vendor :STMicroelectronics X-CUBE-BLE1 7.0.0
2024-01-27 22:36:59,196 [INFO] ThirdParty:1030 - CMSIS Pack Vendor :STMicroelectronics FP-ATR-SIGFOX1 3.2.0
2024-01-27 22:36:59,196 [INFO] ThirdParty:1030 - CMSIS Pack Vendor :STMicroelectronics X-CUBE-ISPU 2.0.0
2024-01-27 22:36:59,196 [INFO] ThirdParty:1030 - CMSIS Pack Vendor :STMicroelectronics X-CUBE-EEPRMA1 5.1.0
2024-01-27 22:36:59,196 [INFO] ThirdParty:1030 - CMSIS Pack Vendor :STMicroelectronics HAL Drivers 0.0.0
2024-01-27 22:36:59,196 [INFO] ThirdParty:1030 - CMSIS Pack Vendor :STMicroelectronics MBEDTLS 2.16.2
2024-01-27 22:36:59,197 [INFO] ThirdParty:1030 - CMSIS Pack Vendor :emotas I-CUBE-CANOPEN 1.3.0
2024-01-27 22:36:59,197 [INFO] ThirdParty:1030 - CMSIS Pack Vendor :STMicroelectronics X-CUBE-FREERTOS 1.1.0
2024-01-27 22:36:59,197 [INFO] ThirdParty:1030 - CMSIS Pack Vendor :STMicroelectronics X-CUBE-NFC7 1.0.1
2024-01-27 22:36:59,197 [INFO] ThirdParty:1030 - CMSIS Pack Vendor :STMicroelectronics MBEDTLS 2.14.1
2024-01-27 22:36:59,197 [INFO] ThirdParty:1030 - CMSIS Pack Vendor :STMicroelectronics X-CUBE-TOUCHGFX 4.22.1
2024-01-27 22:36:59,197 [INFO] ThirdParty:1030 - CMSIS Pack Vendor :STMicroelectronics X-CUBE-EEPRMA1 4.1.0
2024-01-27 22:36:59,197 [INFO] ThirdParty:1030 - CMSIS Pack Vendor :portGmbH I-Cube-SoM-uGOAL 1.1.0
2024-01-27 22:36:59,197 [INFO] ThirdParty:1030 - CMSIS Pack Vendor :STMicroelectronics X-CUBE-ALS 1.0.1
2024-01-27 22:36:59,197 [INFO] ThirdParty:1030 - CMSIS Pack Vendor :STMicroelectronics ThreadX 1.0.0
2024-01-27 22:36:59,197 [INFO] ThirdParty:1030 - CMSIS Pack Vendor :STMicroelectronics X-CUBE-AZRTOS-WL 2.0.0
2024-01-27 22:36:59,197 [INFO] ThirdParty:1030 - CMSIS Pack Vendor :SEGGER I-CUBE-embOS 1.3.1
2024-01-27 22:36:59,197 [INFO] ThirdParty:1030 - CMSIS Pack Vendor :STMicroelectronics USB_DEVICE 1.0.0
2024-01-27 22:36:59,197 [INFO] ThirdParty:1030 - CMSIS Pack Vendor :STMicroelectronics X-CUBE-AI 8.1.0
2024-01-27 22:36:59,197 [INFO] ThirdParty:1030 - CMSIS Pack Vendor :STMicroelectronics X-CUBE-AZRTOS-L4 2.0.0
2024-01-27 22:36:59,197 [INFO] ThirdParty:1030 - CMSIS Pack Vendor :STMicroelectronics ThreadX 0.0.2
2024-01-27 22:36:59,197 [INFO] ThirdParty:1030 - CMSIS Pack Vendor :WES I-CUBE-Cesium 1.3.0
2024-01-27 22:36:59,197 [INFO] ThirdParty:1030 - CMSIS Pack Vendor :STMicroelectronics FP-ATR-ASTRA1 2.0.0
2024-01-27 22:36:59,197 [INFO] ThirdParty:1030 - CMSIS Pack Vendor :STMicroelectronics lwIP 2.1.2
2024-01-27 22:36:59,197 [INFO] ThirdParty:1030 - CMSIS Pack Vendor :STMicroelectronics X-CUBE-SFXS2LP1 4.0.0
2024-01-27 22:36:59,198 [INFO] ThirdParty:1030 - CMSIS Pack Vendor :STMicroelectronics X-CUBE-BLE2 3.3.0
2024-01-27 22:36:59,198 [INFO] ThirdParty:1030 - CMSIS Pack Vendor :STMicroelectronics X-CUBE-TOF1 3.4.0
2024-01-27 22:36:59,198 [INFO] ThirdParty:1030 - CMSIS Pack Vendor :STMicroelectronics X-CUBE-AZRTOS-H7 3.2.0
2024-01-27 22:36:59,198 [INFO] ThirdParty:1030 - CMSIS Pack Vendor :STMicroelectronics PDM2PCM 3.2.0
2024-01-27 22:36:59,198 [INFO] ThirdParty:841 - exiting critical section [change project]
2024-01-27 22:36:59,486 [INFO] PinOutPanel:1499 - setPackage(No Configuration,No Configuration)
2024-01-27 22:36:59,487 [INFO] PinOutPanel:1499 - setPackage(STM32F103C8Tx,LQFP48)
2024-01-27 22:37:00,082 [INFO] UtilMem:75 - Before build in PCC Used Memory: 201868288 Bytes (591396864)
2024-01-27 22:37:00,773 [INFO] UtilMem:75 - After build in PCC Used Memory: 323232568 Bytes (591396864)
2024-01-27 22:37:00,864 [INFO] ApiDbMcu:507 - Load IP Config File for USB_DEVICE
2024-01-27 22:37:00,887 [INFO] IPUIPlugin:80 - create IPUIPlugin
2024-01-27 22:37:00,888 [INFO] IPUIPlugin:80 - create IPUIPlugin
2024-01-27 22:37:00,888 [INFO] IPUIPlugin:80 - create IPUIPlugin
2024-01-27 22:37:00,888 [INFO] IPUIPlugin:80 - create IPUIPlugin
2024-01-27 22:37:00,889 [INFO] IPUIPlugin:80 - create IPUIPlugin
2024-01-27 22:37:00,889 [INFO] IPUIPlugin:80 - create IPUIPlugin
2024-01-27 22:37:00,889 [INFO] IPUIPlugin:80 - create IPUIPlugin
2024-01-27 22:37:00,889 [INFO] IPUIPlugin:80 - create IPUIPlugin
2024-01-27 22:37:00,890 [INFO] IPUIPlugin:80 - create IPUIPlugin
2024-01-27 22:37:00,890 [INFO] IPUIPlugin:80 - create IPUIPlugin
2024-01-27 22:37:00,890 [INFO] IPUIPlugin:80 - create IPUIPlugin
2024-01-27 22:37:00,890 [INFO] IPUIPlugin:80 - create IPUIPlugin
2024-01-27 22:37:00,891 [INFO] IPUIPlugin:80 - create IPUIPlugin
2024-01-27 22:37:00,891 [INFO] IPUIPlugin:80 - create IPUIPlugin
2024-01-27 22:37:00,891 [INFO] IPUIPlugin:80 - create IPUIPlugin
2024-01-27 22:37:00,892 [INFO] IPUIPlugin:80 - create IPUIPlugin
2024-01-27 22:37:00,892 [INFO] IPUIPlugin:80 - create IPUIPlugin
2024-01-27 22:37:00,892 [INFO] IPUIPlugin:80 - create IPUIPlugin
2024-01-27 22:37:00,892 [INFO] IPUIPlugin:80 - create IPUIPlugin
2024-01-27 22:37:00,892 [INFO] IPUIPlugin:80 - create IPUIPlugin
2024-01-27 22:37:00,892 [INFO] IPUIPlugin:80 - create IPUIPlugin
2024-01-27 22:37:00,893 [INFO] IPUIPlugin:80 - create IPUIPlugin
2024-01-27 22:37:00,893 [INFO] IPUIPlugin:80 - create IPUIPlugin
2024-01-27 22:37:00,893 [INFO] IPUIPlugin:80 - create IPUIPlugin
2024-01-27 22:37:00,893 [INFO] IPUIPlugin:80 - create IPUIPlugin
2024-01-27 22:37:00,893 [INFO] IPUIPlugin:80 - create IPUIPlugin
2024-01-27 22:37:00,894 [INFO] IPUIPlugin:80 - create IPUIPlugin
2024-01-27 22:37:01,100 [INFO] CADModel:165 - CPN selected for project levelSTM32F103C8T6
2024-01-27 22:37:01,100 [INFO] CADModel:114 - Register for checkConnection events
2024-01-27 22:37:01,142 [INFO] OpenFileManager:328 - Restore cursor
2024-01-27 22:37:12,579 [ERROR] LogOutputStream:75 - [STDERR_REDIRECT] SLF4J: Failed to load class "org.slf4j.impl.StaticLoggerBinder".
2024-01-27 22:37:12,579 [ERROR] LogOutputStream:75 - [STDERR_REDIRECT] SLF4J: Defaulting to no-operation (NOP) logger implementation
2024-01-27 22:37:12,579 [ERROR] LogOutputStream:75 - [STDERR_REDIRECT] SLF4J: See http://www.slf4j.org/codes.html#StaticLoggerBinder for further details.
2024-01-27 22:41:31,629 [ERROR] LogOutputStream:75 - [STDERR_REDIRECT] 
2024-01-27 22:45:36,012 [INFO] Activator:176 - 


2024-01-27 22:45:36,014 [INFO] Activator:177 - !SESSION log4j initialized
2024-01-27 22:45:39,597 [ERROR] LogOutputStream:75 - [STDERR_REDIRECT] 
2024-01-27 22:45:40,550 [INFO] LogOutputStream:77 - [STDOUT_REDIRECT] 
2024-01-27 22:45:42,472 [INFO] LogOutputStream:77 - [STDOUT_REDIRECT] 
2024-01-27 22:45:43,211 [INFO] ApplicationProperties:184 - Using Application install path: /Applications/STM32CubeIDE.app/Contents/Eclipse/plugins/com.st.stm32cube.common.mx_6.9.2.202309101412
2024-01-27 22:45:43,228 [INFO] DbMcusXml:78 - Set database path to: /Applications/STM32CubeIDE.app/Contents/Eclipse/plugins/com.st.stm32cube.common.mx_6.9.2.202309101412//db//mcu/
2024-01-27 22:45:43,228 [INFO] ApiDb:274 - Set plugin database path to: /Applications/STM32CubeIDE.app/Contents/Eclipse/plugins/com.st.stm32cube.common.mx_6.9.2.202309101412//db//plugins/boardmanager/
2024-01-27 22:45:43,228 [WARN] ApiDb:259 - Overriding images path with different value:  => /Applications/STM32CubeIDE.app/Contents/Eclipse/plugins/com.st.stm32cube.common.mx_6.9.2.202309101412//db//plugins/mcufinder/images/
2024-01-27 22:45:43,237 [INFO] ApiDb:250 - Set database path to: /Users/haotian/.stmcufinder/plugins/mcufinder//mcu/
2024-01-27 22:45:43,239 [INFO] DbMcusAds:125 - Set database path to: /Users/haotian/.stmcufinder/plugins/mcufinder//mcu/
2024-01-27 22:45:43,241 [INFO] CrossReferenceDbSqlite:203 - Set database path to: /Users/haotian/.stmcufinder/plugins/mcufinder//mcu/cs/
2024-01-27 22:45:43,344 [INFO] RulesReader:64 - Compatibility file has been processed (293 Rules)
2024-01-27 22:45:43,415 [INFO] DbMcusXml:78 - Set database path to: /Applications/STM32CubeIDE.app/Contents/Eclipse/plugins/com.st.stm32cube.common.mx_6.9.2.202309101412//db//mcu/
2024-01-27 22:45:43,415 [INFO] ApiDb:274 - Set plugin database path to: /Applications/STM32CubeIDE.app/Contents/Eclipse/plugins/com.st.stm32cube.common.mx_6.9.2.202309101412//db//plugins/boardmanager/
2024-01-27 22:45:43,415 [INFO] ApiDb:261 - Set plugin images path to: /Applications/STM32CubeIDE.app/Contents/Eclipse/plugins/com.st.stm32cube.common.mx_6.9.2.202309101412//db//plugins/mcufinder/images/
2024-01-27 22:45:43,415 [WARN] DbFile:41 - Overriding database path with different value: /Users/haotian/.stmcufinder/plugins/mcufinder/ => /Users/haotian/.stmcufinder/plugins/mcufinder
2024-01-27 22:45:43,416 [INFO] ApiDb:250 - Set database path to: /Users/haotian/.stmcufinder/plugins/mcufinder//mcu/
2024-01-27 22:45:43,416 [WARN] DbFile:41 - Overriding database path with different value: /Users/haotian/.stmcufinder/plugins/mcufinder/ => /Users/haotian/.stmcufinder/plugins/mcufinder
2024-01-27 22:45:43,416 [INFO] DbMcusAds:125 - Set database path to: /Users/haotian/.stmcufinder/plugins/mcufinder//mcu/
2024-01-27 22:45:43,416 [WARN] DbFile:41 - Overriding database path with different value: /Users/haotian/.stmcufinder/plugins/mcufinder/ => /Users/haotian/.stmcufinder/plugins/mcufinder
2024-01-27 22:45:43,416 [WARN] DbFile:41 - Overriding database path with different value: /Users/haotian/.stmcufinder/plugins/mcufinder/ => /Users/haotian/.stmcufinder/plugins/mcufinder
2024-01-27 22:45:43,416 [INFO] CrossReferenceDbSqlite:203 - Set database path to: /Users/haotian/.stmcufinder/plugins/mcufinder//mcu/cs/
2024-01-27 22:45:43,488 [INFO] MainPanel:262 - HeapMemory: 268435456
2024-01-27 22:45:43,575 [INFO] DbMcusXml:78 - Set database path to: /Applications/STM32CubeIDE.app/Contents/Eclipse/plugins/com.st.stm32cube.common.mx_6.9.2.202309101412//db//mcu/
2024-01-27 22:45:43,575 [INFO] ApiDb:274 - Set plugin database path to: /Applications/STM32CubeIDE.app/Contents/Eclipse/plugins/com.st.stm32cube.common.mx_6.9.2.202309101412//db//plugins/boardmanager/
2024-01-27 22:45:43,576 [INFO] ApiDb:261 - Set plugin images path to: /Applications/STM32CubeIDE.app/Contents/Eclipse/plugins/com.st.stm32cube.common.mx_6.9.2.202309101412//db//plugins/mcufinder/images/
2024-01-27 22:45:43,576 [WARN] DbFile:41 - Overriding database path with different value: /Users/haotian/.stmcufinder/plugins/mcufinder/ => /Users/haotian/.stmcufinder/plugins/mcufinder
2024-01-27 22:45:43,576 [INFO] ApiDb:250 - Set database path to: /Users/haotian/.stmcufinder/plugins/mcufinder//mcu/
2024-01-27 22:45:43,576 [WARN] DbFile:41 - Overriding database path with different value: /Users/haotian/.stmcufinder/plugins/mcufinder/ => /Users/haotian/.stmcufinder/plugins/mcufinder
2024-01-27 22:45:43,576 [INFO] DbMcusAds:125 - Set database path to: /Users/haotian/.stmcufinder/plugins/mcufinder//mcu/
2024-01-27 22:45:43,576 [WARN] DbFile:41 - Overriding database path with different value: /Users/haotian/.stmcufinder/plugins/mcufinder/ => /Users/haotian/.stmcufinder/plugins/mcufinder
2024-01-27 22:45:43,577 [WARN] DbFile:41 - Overriding database path with different value: /Users/haotian/.stmcufinder/plugins/mcufinder/ => /Users/haotian/.stmcufinder/plugins/mcufinder
2024-01-27 22:45:43,577 [INFO] CrossReferenceDbSqlite:203 - Set database path to: /Users/haotian/.stmcufinder/plugins/mcufinder//mcu/cs/
2024-01-27 22:45:43,592 [INFO] ApplicationProperties:184 - Using Application install path: /Applications/STM32CubeIDE.app/Contents/Eclipse/plugins/com.st.stm32cube.common.mx_6.9.2.202309101412
2024-01-27 22:45:43,593 [INFO] PluginManage:196 - Search for loadable plugins [exclusion list=, ]
2024-01-27 22:45:43,594 [INFO] PluginManage:310 - Check plugin analytics
2024-01-27 22:45:43,736 [INFO] AnalyticsPlugin:253 - Accepted Software Licenses: 
2024-01-27 22:45:43,736 [INFO] AnalyticsPlugin:255 - Accepted CMSIS Pack Licenses: 
2024-01-27 22:45:43,736 [INFO] AnalyticsPlugin:257 - Accepted Firmware Licenses: 
2024-01-27 22:45:43,738 [INFO] PluginManage:359 - Loaded plugin analytics (category:tool,tabindex:-1)
2024-01-27 22:45:43,739 [INFO] PluginManage:310 - Check plugin cadmodel
2024-01-27 22:45:44,046 [INFO] CADModel:105 - Init CAD model plugin
2024-01-27 22:45:44,047 [INFO] PluginManage:359 - Loaded plugin cadmodel (category:power,tabindex:5)
2024-01-27 22:45:44,047 [INFO] PluginManage:310 - Check plugin clock
2024-01-27 22:45:44,061 [INFO] PluginManage:359 - Loaded plugin clock (category:base,tabindex:2)
2024-01-27 22:45:44,062 [INFO] PluginManage:310 - Check plugin ddr
2024-01-27 22:45:44,064 [INFO] PluginManage:359 - Loaded plugin ddr (category:tool,tabindex:6)
2024-01-27 22:45:44,064 [INFO] PluginManage:310 - Check plugin filemanager
2024-01-27 22:45:44,213 [INFO] PluginManage:359 - Loaded plugin filemanager (category:base,tabindex:10)
2024-01-27 22:45:44,213 [INFO] PluginManage:310 - Check plugin ipmanager
2024-01-27 22:45:44,219 [INFO] PluginManage:359 - Loaded plugin ipmanager (category:base,tabindex:5)
2024-01-27 22:45:44,219 [INFO] PluginManage:310 - Check plugin lpbam
2024-01-27 22:45:44,230 [INFO] PluginManage:359 - Loaded plugin lpbam (category:base,tabindex:0)
2024-01-27 22:45:44,230 [INFO] PluginManage:310 - Check plugin memorymap
2024-01-27 22:45:44,244 [INFO] PluginManage:359 - Loaded plugin memorymap (category:base,tabindex:4)
2024-01-27 22:45:44,244 [INFO] PluginManage:310 - Check plugin pinoutandconfiguration
2024-01-27 22:45:44,251 [INFO] PluginManage:359 - Loaded plugin pinoutandconfiguration (category:base,tabindex:1)
2024-01-27 22:45:44,252 [INFO] PluginManage:310 - Check plugin pinoutconfig
2024-01-27 22:45:44,344 [WARN] SupportedApi:132 - Cannot load RTOS API schema: s4s-elt-must-match.1: The content of 'definitions' must match (annotation?, (simpleType | complexType)?, (unique | key | keyref)*)). A problem was found starting at: attribute.
2024-01-27 22:45:44,486 [INFO] PluginManage:359 - Loaded plugin pinoutconfig (category:base,tabindex:0)
2024-01-27 22:45:44,486 [INFO] PluginManage:310 - Check plugin power
2024-01-27 22:45:44,497 [INFO] PluginManage:359 - Loaded plugin power (category:power,tabindex:4)
2024-01-27 22:45:44,497 [INFO] PluginManage:310 - Check plugin projectmanager
2024-01-27 22:45:44,509 [INFO] PluginManage:359 - Loaded plugin projectmanager (category:projectmanager,tabindex:3)
2024-01-27 22:45:44,509 [INFO] PluginManage:310 - Check plugin thirdparty
2024-01-27 22:45:44,626 [INFO] PluginManage:359 - Loaded plugin thirdparty (category:base,tabindex:-1)
2024-01-27 22:45:44,626 [WARN] IntegrityCheckThread:84 - waiting for thirdparty lock release [integrity check]
2024-01-27 22:45:44,626 [INFO] IntegrityCheckThread:86 - entering critical section [integrity check]
2024-01-27 22:45:44,626 [INFO] PluginManage:310 - Check plugin tools
2024-01-27 22:45:44,626 [INFO] ThirdPartyUpdaterWithRetryManager:70 - Updater plugin not ready yet. [1/15]
2024-01-27 22:45:44,628 [INFO] PluginManage:359 - Loaded plugin tools (category:base,tabindex:7)
2024-01-27 22:45:44,628 [INFO] PluginManage:310 - Check plugin tutovideos
2024-01-27 22:45:44,801 [INFO] PluginManage:359 - Loaded plugin tutovideos (category:base,tabindex:-1)
2024-01-27 22:45:44,801 [INFO] PluginManage:310 - Check plugin updater
2024-01-27 22:45:44,813 [INFO] PluginManage:359 - Loaded plugin updater (category:base,tabindex:12)
2024-01-27 22:45:44,813 [INFO] PluginManage:310 - Check plugin userauth
2024-01-27 22:45:44,818 [INFO] UserAuth:113 - Init User Auth plugin
2024-01-27 22:45:44,818 [INFO] PluginManage:359 - Loaded plugin userauth (category:base,tabindex:14)
2024-01-27 22:45:44,818 [INFO] PluginManage:283 - PluginManage : Loaded plugins [17]
2024-01-27 22:45:44,991 [INFO] PinOutPanel:1499 - setPackage(No Configuration,No Configuration)
2024-01-27 22:45:45,079 [INFO] CADModel:165 - CPN selected for project level
2024-01-27 22:45:45,080 [INFO] CADModel:114 - Register for checkConnection events
2024-01-27 22:45:45,091 [INFO] IPUIPlugin:80 - create IPUIPlugin
2024-01-27 22:45:45,092 [INFO] PluginManager:220 - loadIPPluginJar : add mdma
2024-01-27 22:45:45,099 [INFO] IPUIPlugin:80 - create IPUIPlugin
2024-01-27 22:45:45,099 [INFO] PluginManager:220 - loadIPPluginJar : add freertos
2024-01-27 22:45:45,104 [INFO] IPUIPlugin:80 - create IPUIPlugin
2024-01-27 22:45:45,104 [INFO] PluginManager:220 - loadIPPluginJar : add gic
2024-01-27 22:45:45,114 [INFO] IPUIPlugin:80 - create IPUIPlugin
2024-01-27 22:45:45,114 [INFO] PluginManager:220 - loadIPPluginJar : add adc
2024-01-27 22:45:45,117 [INFO] IPUIPlugin:80 - create IPUIPlugin
2024-01-27 22:45:45,117 [INFO] PluginManager:220 - loadIPPluginJar : add gtzc
2024-01-27 22:45:45,118 [INFO] IPUIPlugin:80 - create IPUIPlugin
2024-01-27 22:45:45,118 [INFO] PluginManager:220 - loadIPPluginJar : add quadspi
2024-01-27 22:45:45,121 [INFO] IPUIPlugin:80 - create IPUIPlugin
2024-01-27 22:45:45,121 [INFO] PluginManager:220 - loadIPPluginJar : add aes
2024-01-27 22:45:45,123 [INFO] IPUIPlugin:80 - create IPUIPlugin
2024-01-27 22:45:45,123 [INFO] PluginManager:220 - loadIPPluginJar : add pdm2pcm
2024-01-27 22:45:45,125 [INFO] IPUIPlugin:80 - create IPUIPlugin
2024-01-27 22:45:45,126 [INFO] PluginManager:220 - loadIPPluginJar : add hash
2024-01-27 22:45:45,127 [INFO] IPUIPlugin:80 - create IPUIPlugin
2024-01-27 22:45:45,127 [INFO] PluginManager:220 - loadIPPluginJar : add tim
2024-01-27 22:45:45,128 [INFO] IPUIPlugin:80 - create IPUIPlugin
2024-01-27 22:45:45,128 [INFO] PluginManager:220 - loadIPPluginJar : add tsc
2024-01-27 22:45:45,130 [INFO] IPUIPlugin:80 - create IPUIPlugin
2024-01-27 22:45:45,130 [INFO] PluginManager:220 - loadIPPluginJar : add ts
2024-01-27 22:45:45,132 [INFO] IPUIPlugin:80 - create IPUIPlugin
2024-01-27 22:45:45,132 [INFO] PluginManager:220 - loadIPPluginJar : add can
2024-01-27 22:45:45,134 [INFO] IPUIPlugin:80 - create IPUIPlugin
2024-01-27 22:45:45,135 [INFO] PluginManager:220 - loadIPPluginJar : add dma3
2024-01-27 22:45:45,137 [INFO] IPUIPlugin:80 - create IPUIPlugin
2024-01-27 22:45:45,137 [INFO] PluginManager:220 - loadIPPluginJar : add dfsdm
2024-01-27 22:45:45,138 [INFO] IPUIPlugin:80 - create IPUIPlugin
2024-01-27 22:45:45,139 [INFO] PluginManager:220 - loadIPPluginJar : add spi
2024-01-27 22:45:45,140 [INFO] IPUIPlugin:80 - create IPUIPlugin
2024-01-27 22:45:45,141 [INFO] PluginManager:220 - loadIPPluginJar : add gfxmmu
2024-01-27 22:45:45,142 [INFO] IPUIPlugin:80 - create IPUIPlugin
2024-01-27 22:45:45,142 [INFO] PluginManager:220 - loadIPPluginJar : add genericplugin
2024-01-27 22:45:45,144 [INFO] IPUIPlugin:80 - create IPUIPlugin
2024-01-27 22:45:45,144 [INFO] PluginManager:220 - loadIPPluginJar : add cryp
2024-01-27 22:45:45,147 [INFO] IPUIPlugin:80 - create IPUIPlugin
2024-01-27 22:45:45,148 [INFO] PluginManager:220 - loadIPPluginJar : add gpio
2024-01-27 22:45:45,149 [INFO] IPUIPlugin:80 - create IPUIPlugin
2024-01-27 22:45:45,149 [INFO] PluginManager:220 - loadIPPluginJar : add comp
2024-01-27 22:45:45,151 [INFO] IPUIPlugin:80 - create IPUIPlugin
2024-01-27 22:45:45,151 [INFO] PluginManager:220 - loadIPPluginJar : add tracer_emb
2024-01-27 22:45:45,154 [INFO] IPUIPlugin:80 - create IPUIPlugin
2024-01-27 22:45:45,154 [INFO] PluginManager:220 - loadIPPluginJar : add openamp
2024-01-27 22:45:45,158 [INFO] IPUIPlugin:80 - create IPUIPlugin
2024-01-27 22:45:45,158 [INFO] PluginManager:220 - loadIPPluginJar : add stm32_wpan
2024-01-27 22:45:45,164 [INFO] IPUIPlugin:80 - create IPUIPlugin
2024-01-27 22:45:45,166 [INFO] PluginManager:220 - loadIPPluginJar : add plateformsettings
2024-01-27 22:45:45,170 [INFO] IPUIPlugin:80 - create IPUIPlugin
2024-01-27 22:45:45,170 [INFO] PluginManager:220 - loadIPPluginJar : add ipddr
2024-01-27 22:45:45,173 [INFO] IPUIPlugin:80 - create IPUIPlugin
2024-01-27 22:45:45,173 [INFO] PluginManager:220 - loadIPPluginJar : add usart
2024-01-27 22:45:45,174 [INFO] IPUIPlugin:80 - create IPUIPlugin
2024-01-27 22:45:45,174 [INFO] PluginManager:220 - loadIPPluginJar : add ltdc
2024-01-27 22:45:45,177 [INFO] IPUIPlugin:80 - create IPUIPlugin
2024-01-27 22:45:45,177 [INFO] PluginManager:220 - loadIPPluginJar : add nvic
2024-01-27 22:45:45,179 [INFO] IPUIPlugin:80 - create IPUIPlugin
2024-01-27 22:45:45,179 [INFO] PluginManager:220 - loadIPPluginJar : add fatfs
2024-01-27 22:45:45,185 [INFO] IPUIPlugin:80 - create IPUIPlugin
2024-01-27 22:45:45,186 [INFO] PluginManager:220 - loadIPPluginJar : add linkedlist
2024-01-27 22:45:45,190 [INFO] IPUIPlugin:80 - create IPUIPlugin
2024-01-27 22:45:45,191 [INFO] PluginManager:220 - loadIPPluginJar : add dma
2024-01-27 22:45:45,194 [INFO] IPUIPlugin:80 - create IPUIPlugin
2024-01-27 22:45:45,194 [INFO] PluginManager:220 - loadIPPluginJar : add fmc
2024-01-27 22:45:45,196 [INFO] IPUIPlugin:80 - create IPUIPlugin
2024-01-27 22:45:45,196 [INFO] PluginManager:220 - loadIPPluginJar : add i2s
2024-01-27 22:45:45,198 [INFO] IPUIPlugin:80 - create IPUIPlugin
2024-01-27 22:45:45,198 [INFO] PluginManager:220 - loadIPPluginJar : add ucpd
2024-01-27 22:45:45,200 [INFO] IPUIPlugin:80 - create IPUIPlugin
2024-01-27 22:45:45,200 [INFO] PluginManager:220 - loadIPPluginJar : add lorawan
2024-01-27 22:45:45,202 [INFO] IPUIPlugin:80 - create IPUIPlugin
2024-01-27 22:45:45,202 [INFO] PluginManager:220 - loadIPPluginJar : add opamp
2024-01-27 22:45:45,204 [INFO] IPUIPlugin:80 - create IPUIPlugin
2024-01-27 22:45:45,204 [INFO] PluginManager:220 - loadIPPluginJar : add i3c
2024-01-27 22:45:45,206 [INFO] IPUIPlugin:80 - create IPUIPlugin
2024-01-27 22:45:45,207 [INFO] PluginManager:220 - loadIPPluginJar : add touchsensing
2024-01-27 22:45:45,208 [INFO] IPUIPlugin:80 - create IPUIPlugin
2024-01-27 22:45:45,208 [INFO] PluginManager:220 - loadIPPluginJar : add i2c
2024-01-27 22:45:45,212 [INFO] IPUIPlugin:80 - create IPUIPlugin
2024-01-27 22:45:45,212 [INFO] PluginManager:220 - loadIPPluginJar : add resmgrutility
2024-01-27 22:45:45,214 [INFO] IPUIPlugin:80 - create IPUIPlugin
2024-01-27 22:45:45,214 [INFO] PluginManager:220 - loadIPPluginJar : add sai
2024-01-27 22:45:45,217 [INFO] IPUIPlugin:80 - create IPUIPlugin
2024-01-27 22:45:45,217 [INFO] PluginManager:220 - loadIPPluginJar : add usbx
2024-01-27 22:45:45,312 [INFO] CADModel:165 - CPN selected for project level
2024-01-27 22:45:45,312 [INFO] CADModel:114 - Register for checkConnection events
2024-01-27 22:45:45,312 [FATAL] Updater:308 - Updater called before beeing initialized
2024-01-27 22:45:45,312 [ERROR] CADModel:125 - Updater not yet initialized, retry later 
2024-01-27 22:45:45,466 [INFO] CADModel:165 - CPN selected for project level
2024-01-27 22:45:45,466 [INFO] CADModel:114 - Register for checkConnection events
2024-01-27 22:45:45,467 [FATAL] Updater:308 - Updater called before beeing initialized
2024-01-27 22:45:45,467 [ERROR] CADModel:125 - Updater not yet initialized, retry later 
2024-01-27 22:45:45,470 [FATAL] Updater:308 - Updater called before beeing initialized
2024-01-27 22:45:45,534 [FATAL] Updater:308 - Updater called before beeing initialized
2024-01-27 22:45:45,540 [INFO] DbMcusAds:53 - JSON generation date=Wed Nov 29 02:52:27 PST 2023 (1701255147349)
2024-01-27 22:45:45,540 [FATAL] Updater:308 - Updater called before beeing initialized
2024-01-27 22:45:45,602 [WARN] DetailPanel:346 - Failed to get advertising image, set to default
2024-01-27 22:45:45,714 [FATAL] Updater:308 - Updater called before beeing initialized
2024-01-27 22:45:45,717 [FATAL] Updater:308 - Updater called before beeing initialized
2024-01-27 22:45:45,717 [FATAL] Updater:308 - Updater called before beeing initialized
2024-01-27 22:45:45,717 [WARN] DetailPanel:346 - Failed to get advertising image, set to default
2024-01-27 22:45:45,718 [FATAL] Updater:308 - Updater called before beeing initialized
2024-01-27 22:45:45,742 [ERROR] Updater:1120 - MainUpdater not yet initialized. External WinMGr cannot be set.
2024-01-27 22:45:45,765 [INFO] Updater:1056 - Updater Version found : 6.9.2
2024-01-27 22:45:45,783 [INFO] ApplicationProperties:184 - Using Application install path: /Applications/STM32CubeIDE.app/Contents/Eclipse/plugins/com.st.stm32cube.common.mx_6.9.2.202309101412
2024-01-27 22:45:45,956 [INFO] MainUpdater:2868 - connection check result : 10
2024-01-27 22:45:45,956 [INFO] MainUpdater:285 - Updater Check For Update Now.
2024-01-27 22:45:45,956 [INFO] MicroXplorer:498 - Change Database Version : DB.6.0.92
2024-01-27 22:45:45,961 [INFO] McuFinderGlobals:63 - Set McuFinder mode to 2 (CubeIDE integrated)
2024-01-27 22:45:45,961 [INFO] UserAuth:179 - activating auth plugin
2024-01-27 22:45:45,963 [INFO] UserAuth:393 - Internet connection configuration mode: 1
2024-01-27 22:45:45,982 [INFO] JxBrowserEngine:151 - Initiate JxBrowser Engine with user profile folder
2024-01-27 22:45:46,122 [INFO] CheckServerUpdateThread:120 - End of CheckServer Thread
2024-01-27 22:45:47,220 [INFO] WebApp:157 - Instantiating new browser for Auth
2024-01-27 22:45:48,162 [WARN] PackLoader:240 - Cannot read IP mode file for STMicroelectronics.X-CUBE-SMBUS.2.1.0
2024-01-27 22:45:48,173 [WARN] PackLoader:240 - Cannot read IP mode file for STMicroelectronics.X-CUBE-TOUCHGFX.4.23.0
2024-01-27 22:45:48,365 [WARN] PackLoader:240 - Cannot read IP mode file for STMicroelectronics.X-CUBE-AZRTOS-F7.1.1.0
2024-01-27 22:45:48,442 [WARN] PackLoader:240 - Cannot read IP mode file for STMicroelectronics.FP-SNS-MOTENV1.4.3.2
2024-01-27 22:45:48,451 [WARN] PackLoader:240 - Cannot read IP mode file for STMicroelectronics.FP-SNS-FLIGHT1.5.0.2
2024-01-27 22:45:48,465 [WARN] PackLoader:240 - Cannot read IP mode file for STMicroelectronics.X-CUBE-DISPLAY.3.0.0
2024-01-27 22:45:48,489 [WARN] PackLoader:240 - Cannot read IP mode file for STMicroelectronics.X-CUBE-BLE1.7.0.0
2024-01-27 22:45:48,496 [WARN] PackLoader:240 - Cannot read IP mode file for emotas.I-CUBE-CANOPEN.1.3.0
2024-01-27 22:45:48,500 [WARN] PackLoader:240 - Cannot read IP mode file for STMicroelectronics.X-CUBE-TOUCHGFX.4.22.1
2024-01-27 22:45:48,540 [INFO] LogOutputStream:77 - [STDOUT_REDIRECT] 1 : Invalid condition id : UX_CORESTACK_Condition cause : null
2024-01-27 22:45:48,542 [INFO] LogOutputStream:77 - [STDOUT_REDIRECT] 1 : Invalid condition id : UX_CORESTACK_Condition cause : null
2024-01-27 22:45:48,542 [INFO] LogOutputStream:77 - [STDOUT_REDIRECT] 1 : Invalid condition id : UX_CORESTACK_Condition cause : null
2024-01-27 22:45:48,543 [INFO] LogOutputStream:77 - [STDOUT_REDIRECT] 1 : Invalid condition id : UX_CORESTACK_Condition cause : null
2024-01-27 22:45:48,543 [INFO] LogOutputStream:77 - [STDOUT_REDIRECT] 1 : Invalid condition id : UX_CORESTACK_Condition cause : null
2024-01-27 22:45:48,561 [WARN] PackLoader:240 - Cannot read IP mode file for STMicroelectronics.X-CUBE-AZRTOS-WL.2.0.0
2024-01-27 22:45:48,575 [WARN] PackLoader:240 - Cannot read IP mode file for WES.I-CUBE-Cesium.1.3.0
2024-01-27 22:45:48,582 [WARN] PackLoader:240 - Cannot read IP mode file for STMicroelectronics.X-CUBE-BLE2.3.3.0
2024-01-27 22:45:48,593 [WARN] PackLoader:240 - Cannot read IP mode file for STMicroelectronics.X-CUBE-ALGOBUILD.1.3.0
2024-01-27 22:45:48,667 [WARN] PackLoader:240 - Cannot read IP mode file for STMicroelectronics.X-CUBE-AZRTOS-G0.1.1.0
2024-01-27 22:45:48,694 [WARN] PackLoader:240 - Cannot read IP mode file for STMicroelectronics.X-CUBE-NFC4.3.0.0
2024-01-27 22:45:48,721 [WARN] PackLoader:240 - Cannot read IP mode file for STMicroelectronics.X-CUBE-BLEMGR.3.0.0
2024-01-27 22:45:48,733 [WARN] PackLoader:240 - Cannot read IP mode file for STMicroelectronics.FP-ATR-SIGFOX1.3.2.0
2024-01-27 22:45:48,742 [WARN] PackLoader:240 - Cannot read IP mode file for STMicroelectronics.X-CUBE-EEPRMA1.5.1.0
2024-01-27 22:45:48,822 [WARN] PackLoader:240 - Cannot read IP mode file for SEGGER.I-CUBE-embOS.1.3.1
2024-01-27 22:45:48,898 [WARN] PackLoader:240 - Cannot read IP mode file for STMicroelectronics.X-CUBE-GNSS1.6.0.0
2024-01-27 22:45:48,936 [WARN] PackLoader:240 - Cannot read IP mode file for STMicroelectronics.X-CUBE-AZRTOS-F4.1.1.0
2024-01-27 22:45:48,946 [WARN] PackLoader:240 - Cannot read IP mode file for wolfSSL.I-CUBE-wolfSSL.5.6.6
2024-01-27 22:45:48,975 [WARN] PackLoader:240 - Cannot read IP mode file for STMicroelectronics.X-CUBE-AZRTOS-L5.2.0.0
2024-01-27 22:45:48,984 [WARN] PackLoader:240 - Cannot read IP mode file for STMicroelectronics.X-CUBE-EEPRMA1.4.2.0
2024-01-27 22:45:48,991 [WARN] PackLoader:240 - Cannot read IP mode file for ITTIA_DB.I-CUBE-ITTIADB.8.8.0
2024-01-27 22:45:48,999 [WARN] PackLoader:240 - Cannot read IP mode file for STMicroelectronics.X-CUBE-BLEMGR.2.0.0
2024-01-27 22:45:49,011 [WARN] PackLoader:240 - Cannot read IP mode file for STMicroelectronics.X-CUBE-NFC7.1.0.1
2024-01-27 22:45:49,020 [WARN] PackLoader:240 - Cannot read IP mode file for STMicroelectronics.X-CUBE-EEPRMA1.4.1.0
2024-01-27 22:45:49,025 [WARN] PackLoader:240 - Cannot read IP mode file for STMicroelectronics.X-CUBE-AI.8.1.0
2024-01-27 22:45:49,060 [WARN] ConditionMgr:438 - getConditionDescription Invalid condition id : LAN8742 Phy interface Condition cause : null
2024-01-27 22:45:49,061 [WARN] PackLoader:240 - Cannot read IP mode file for STMicroelectronics.X-CUBE-AZRTOS-L4.2.0.0
2024-01-27 22:45:49,062 [WARN] ConditionMgr:1039 - genDependencies : Invalid condition id : LAN8742 Phy interface Condition cause : null
2024-01-27 22:45:49,063 [WARN] ConditionMgr:1039 - genDependencies : Invalid condition id : LAN8742 Phy interface Condition cause : null
2024-01-27 22:45:49,063 [WARN] ConditionMgr:1039 - genDependencies : Invalid condition id : LAN8742 Phy interface Condition cause : null
2024-01-27 22:45:49,083 [WARN] PackLoader:240 - Cannot read IP mode file for STMicroelectronics.X-CUBE-SFXS2LP1.4.0.0
2024-01-27 22:45:49,094 [WARN] PackLoader:240 - Cannot read IP mode file for STMicroelectronics.X-CUBE-ISPU.1.1.0
2024-01-27 22:45:49,122 [WARN] ConditionMgr:438 - getConditionDescription Invalid condition id : UX DEVICE CLASS RTOS Condition cause : null
2024-01-27 22:45:49,122 [WARN] ConditionMgr:438 - getConditionDescription Invalid condition id : UX DEVICE CLASS RTOS Condition cause : null
2024-01-27 22:45:49,126 [WARN] PackLoader:240 - Cannot read IP mode file for STMicroelectronics.X-CUBE-AZRTOS-WB.2.0.0
2024-01-27 22:45:49,128 [WARN] ConditionMgr:1039 - genDependencies : Invalid condition id : UX DEVICE CLASS RTOS Condition cause : null
2024-01-27 22:45:49,128 [WARN] ConditionMgr:1039 - genDependencies : Invalid condition id : UX DEVICE CLASS RTOS Condition cause : null
2024-01-27 22:45:49,129 [WARN] ConditionMgr:1039 - genDependencies : Invalid condition id : UX DEVICE CLASS RTOS Condition cause : null
2024-01-27 22:45:49,130 [WARN] ConditionMgr:1039 - genDependencies : Invalid condition id : UX DEVICE CLASS RTOS Condition cause : null
2024-01-27 22:45:49,130 [WARN] ConditionMgr:1039 - genDependencies : Invalid condition id : UX DEVICE CLASS RTOS Condition cause : null
2024-01-27 22:45:49,147 [WARN] PackLoader:240 - Cannot read IP mode file for STMicroelectronics.X-CUBE-SUBG2.5.0.0
2024-01-27 22:45:49,195 [WARN] PackLoader:240 - Cannot read IP mode file for STMicroelectronics.X-CUBE-TOF1.3.3.1
2024-01-27 22:45:49,231 [WARN] PackLoader:240 - Cannot read IP mode file for STMicroelectronics.X-CUBE-AZRTOS-G4.2.0.0
2024-01-27 22:45:49,239 [INFO] WebApp:753 - Register for checkConnection events
2024-01-27 22:45:49,239 [INFO] WebApp:390 - Apply proxy settings
2024-01-27 22:45:49,243 [INFO] WebApp:455 - Chromium authenticates against System proxy
2024-01-27 22:45:49,246 [WARN] PackLoader:240 - Cannot read IP mode file for Infineon.AIROC-Wi-Fi-Bluetooth-STM32.1.5.1
2024-01-27 22:45:49,253 [WARN] PackLoader:240 - Cannot read IP mode file for STMicroelectronics.FP-SNS-MOTENVWB1.1.3.1
2024-01-27 22:45:49,258 [WARN] PackLoader:240 - Cannot read IP mode file for STMicroelectronics.X-CUBE-ISPU.2.0.0
2024-01-27 22:45:49,265 [WARN] PackLoader:240 - Cannot read IP mode file for STMicroelectronics.X-CUBE-FREERTOS.1.1.0
2024-01-27 22:45:49,272 [WARN] PackLoader:240 - Cannot read IP mode file for portGmbH.I-Cube-SoM-uGOAL.1.1.0
2024-01-27 22:45:49,276 [WARN] PackLoader:240 - Cannot read IP mode file for STMicroelectronics.X-CUBE-ALS.1.0.1
2024-01-27 22:45:49,281 [WARN] PackLoader:240 - Cannot read IP mode file for STMicroelectronics.FP-ATR-ASTRA1.2.0.0
2024-01-27 22:45:49,292 [WARN] PackLoader:240 - Cannot read IP mode file for STMicroelectronics.X-CUBE-TOF1.3.4.0
2024-01-27 22:45:49,336 [WARN] PackLoader:240 - Cannot read IP mode file for STMicroelectronics.X-CUBE-AZRTOS-H7.3.2.0
2024-01-27 22:45:49,340 [INFO] ThirdParty:978 - Integrity check success = true
2024-01-27 22:45:49,340 [INFO] IntegrityCheckThread:100 - exiting critical section [integrity check]
2024-01-27 22:45:49,340 [INFO] IntegrityCheckThread:103 - End integrity checks thread
2024-01-27 22:45:49,517 [INFO] WebApp:188 - Starting web application
2024-01-27 22:45:49,517 [INFO] WebApp:520 - Web application path used /Applications/STM32CubeIDE.app/Contents/Eclipse/plugins/com.st.stm32cube.common.mx_6.9.2.202309101412/db/plugins/mcufinder/reactClient1/index.html
2024-01-27 22:46:10,337 [ERROR] LogOutputStream:75 - [STDERR_REDIRECT] SLF4J: Failed to load class "org.slf4j.impl.StaticLoggerBinder".
2024-01-27 22:46:10,338 [ERROR] LogOutputStream:75 - [STDERR_REDIRECT] SLF4J: Defaulting to no-operation (NOP) logger implementation
2024-01-27 22:46:10,338 [ERROR] LogOutputStream:75 - [STDERR_REDIRECT] SLF4J: See http://www.slf4j.org/codes.html#StaticLoggerBinder for further details.
2024-01-27 22:47:35,443 [ERROR] LogOutputStream:75 - [STDERR_REDIRECT] 
